#
# There is insufficient memory for the Java Runtime Environment to continue.
# Native memory allocation (malloc) failed to allocate 1052032 bytes for Chunk::new
# Possible reasons:
#   The system is out of physical RAM or swap space
#   The process is running with CompressedOops enabled, and the Java Heap may be blocking the growth of the native heap
# Possible solutions:
#   Reduce memory load on the system
#   Increase physical memory or swap space
#   Check if swap backing store is full
#   Decrease Java heap size (-Xmx/-Xms)
#   Decrease number of Java threads
#   Decrease Java thread stack sizes (-Xss)
#   Set larger code cache with -XX:ReservedCodeCacheSize=
#   JVM is running with Unscaled Compressed Oops mode in which the Java heap is
#     placed in the first 4GB address space. The Java Heap base address is the
#     maximum limit for the native heap growth. Please use -XX:HeapBaseMinAddress
#     to set the Java Heap base and to place the Java Heap above 4GB virtual address.
# This output file may be truncated or incomplete.
#
#  Out of Memory Error (./open/src/hotspot/share/memory/arena.cpp:195), pid=15044, tid=17116
#
# JRE version: Java(TM) SE Runtime Environment (15.0+36) (build 15+36-1562)
# Java VM: Java HotSpot(TM) 64-Bit Server VM (15+36-1562, mixed mode, sharing, tiered, compressed oops, g1 gc, windows-amd64)
# No core dump will be written. Minidumps are not enabled by default on client versions of Windows
#

---------------  S U M M A R Y ------------

Command Line: -Dclassworlds.conf=C:\Program Files\NetBeans-19\netbeans\java\maven\bin\m2.conf -Dmaven.home=C:\Program Files\NetBeans-19\netbeans\java\maven -Dlibrary.jansi.path=C:\Program Files\NetBeans-19\netbeans\java\maven\lib\jansi-native -Dmaven.multiModuleProjectDirectory=C:\Users\shahr\Desktop\Design Pattern\FacadeDesignPattern org.codehaus.plexus.classworlds.launcher.Launcher -Dmaven.ext.class.path=C:\Program Files\NetBeans-19\netbeans\java\maven-nblib\netbeans-eventspy.jar -Dfile.encoding=UTF-8 --no-transfer-progress clean install

Host: Intel(R) Core(TM) i5-8250U CPU @ 1.60GHz, 8 cores, 7G,  Windows 10 , 64 bit Build 19041 (10.0.19041.3636)
Time: Tue Nov 28 10:15:02 2023 Pakistan Standard Time elapsed time: 4.140507 seconds (0d 0h 0m 4s)

---------------  T H R E A D  ---------------

Current thread (0x00000275713e4f50):  JavaThread "C2 CompilerThread1" daemon [_thread_in_native, id=17116, stack(0x00000083c0700000,0x00000083c0800000)]


Current CompileTask:
C2:   4140 4732       4       jdk.internal.org.objectweb.asm.Frame::execute (2305 bytes)

Stack: [0x00000083c0700000,0x00000083c0800000]
Native frames: (J=compiled Java code, j=interpreted, Vv=VM code, C=native code)
V  [VCRUNTIME140.dll+0x629eaa]
V  [jvm.dll+0x780379]
V  [jvm.dll+0x781ad3]
V  [jvm.dll+0x782133]
V  [jvm.dll+0x2159d5]
V  [jvm.dll+0x9794a]
V  [jvm.dll+0x9802c]
V  [jvm.dll+0x32dc35]
V  [jvm.dll+0x18dd31]
V  [jvm.dll+0x1e9ef2]
V  [jvm.dll+0x1e903e]
V  [jvm.dll+0x177f17]
V  [jvm.dll+0x1f88f5]
V  [jvm.dll+0x1f699c]
V  [jvm.dll+0x74384d]
V  [jvm.dll+0x73c64a]
V  [jvm.dll+0x628d16]
C  [ucrtbase.dll+0x21bb2]
C  [KERNEL32.DLL+0x17344]
C  [ntdll.dll+0x526b1]


---------------  P R O C E S S  ---------------

Threads class SMR info:
_java_thread_list=0x000002757246ef70, length=12, elements={
0x000002754df68b20, 0x000002756e9d23b0, 0x000002756e9d2f80, 0x000002756e9eb920,
0x000002756e9ee3e0, 0x000002756e9efea0, 0x000002756e9f0d30, 0x000002756e9f18d0,
0x000002756e9f23c0, 0x000002756f435b00, 0x000002756f4442f0, 0x00000275713e4f50
}

Java Threads: ( => current thread )
  0x000002754df68b20 JavaThread "main" [_thread_in_vm, id=16080, stack(0x00000083bf200000,0x00000083bf300000)]
  0x000002756e9d23b0 JavaThread "Reference Handler" daemon [_thread_blocked, id=15956, stack(0x00000083bf900000,0x00000083bfa00000)]
  0x000002756e9d2f80 JavaThread "Finalizer" daemon [_thread_blocked, id=12728, stack(0x00000083bfa00000,0x00000083bfb00000)]
  0x000002756e9eb920 JavaThread "Signal Dispatcher" daemon [_thread_blocked, id=15428, stack(0x00000083bfb00000,0x00000083bfc00000)]
  0x000002756e9ee3e0 JavaThread "Attach Listener" daemon [_thread_blocked, id=8504, stack(0x00000083bfc00000,0x00000083bfd00000)]
  0x000002756e9efea0 JavaThread "Service Thread" daemon [_thread_blocked, id=10364, stack(0x00000083bfd00000,0x00000083bfe00000)]
  0x000002756e9f0d30 JavaThread "C2 CompilerThread0" daemon [_thread_in_native, id=17252, stack(0x00000083bfe00000,0x00000083bff00000)]
  0x000002756e9f18d0 JavaThread "C1 CompilerThread0" daemon [_thread_blocked, id=17480, stack(0x00000083bff00000,0x00000083c0000000)]
  0x000002756e9f23c0 JavaThread "Sweeper thread" daemon [_thread_blocked, id=11216, stack(0x00000083c0000000,0x00000083c0100000)]
  0x000002756f435b00 JavaThread "Notification Thread" daemon [_thread_blocked, id=1052, stack(0x00000083c0100000,0x00000083c0200000)]
  0x000002756f4442f0 JavaThread "Common-Cleaner" daemon [_thread_blocked, id=10080, stack(0x00000083c0300000,0x00000083c0400000)]
=>0x00000275713e4f50 JavaThread "C2 CompilerThread1" daemon [_thread_in_native, id=17116, stack(0x00000083c0700000,0x00000083c0800000)]

Other Threads:
  0x000002756e9ceb20 VMThread "VM Thread" [stack: 0x00000083bf800000,0x00000083bf900000] [id=224]
  0x000002756f439fe0 WatcherThread [stack: 0x00000083c0200000,0x00000083c0300000] [id=1212]
  0x000002754dfa2b00 GCTaskThread "GC Thread#0" [stack: 0x00000083bf300000,0x00000083bf400000] [id=12484]
  0x000002756f4a4c80 GCTaskThread "GC Thread#1" [stack: 0x00000083c0400000,0x00000083c0500000] [id=12548]
  0x000002756f4a3c90 GCTaskThread "GC Thread#2" [stack: 0x00000083c0500000,0x00000083c0600000] [id=16520]
  0x000002754dfb49e0 ConcurrentGCThread "G1 Main Marker" [stack: 0x00000083bf400000,0x00000083bf500000] [id=17568]
  0x000002754dfb65e0 ConcurrentGCThread "G1 Conc#0" [stack: 0x00000083bf500000,0x00000083bf600000] [id=18340]
  0x000002756f4a3300 ConcurrentGCThread "G1 Conc#1" [stack: 0x00000083c0600000,0x00000083c0700000] [id=17980]
  0x000002754e0321b0 ConcurrentGCThread "G1 Refine#0" [stack: 0x00000083bf600000,0x00000083bf700000] [id=18336]
  0x000002754e032db0 ConcurrentGCThread "G1 Young RemSet Sampling" [stack: 0x00000083bf700000,0x00000083bf800000] [id=17732]

Threads with active compile tasks:
C2 CompilerThread0     4178 4855       4       java.net.URLStreamHandler::parseURL (1201 bytes)
C2 CompilerThread1     4178 4732       4       jdk.internal.org.objectweb.asm.Frame::execute (2305 bytes)

VM state: not at safepoint (normal execution)

VM Mutex/Monitor currently owned by a thread: None

Heap address: 0x0000000081800000, size: 2024 MB, Compressed Oops mode: 32-bit
CDS archive(s) mapped at: [0x0000000800000000-0x0000000800b50000-0x0000000800b50000), size 11862016, SharedBaseAddress: 0x0000000800000000, ArchiveRelocationMode: 0.
Compressed class space mapped at: 0x0000000800b50000-0x0000000840b50000, size: 1073741824
Narrow klass base: 0x0000000800000000, Narrow klass shift: 3, Narrow klass range: 0x100000000

GC Precious Log:
 CPUs: 8 total, 8 available
 Memory: 8088M
 Large Page Support: Disabled
 NUMA Support: Disabled
 Compressed Oops: Enabled (32-bit)
 Heap Region Size: 1M
 Heap Min Capacity: 8M
 Heap Initial Capacity: 128M
 Heap Max Capacity: 2024M
 Pre-touch: Disabled
 Parallel Workers: 8
 Concurrent Workers: 2
 Concurrent Refinement Workers: 8
 Periodic GC: Disabled

Heap:
 garbage-first heap   total 51200K, used 22469K [0x0000000081800000, 0x0000000100000000)
  region size 1024K, 13 young (13312K), 4 survivors (4096K)
 Metaspace       used 27481K, capacity 28068K, committed 28284K, reserved 1081344K
  class space    used 3190K, capacity 3420K, committed 3456K, reserved 1048576K

Heap Regions: E=young(eden), S=young(survivor), O=old, HS=humongous(starts), HC=humongous(continues), CS=collection set, F=free, OA=open archive, CA=closed archive, TAMS=top-at-mark-start (previous, next)
|   0|0x0000000081800000, 0x0000000081900000, 0x0000000081900000|100%| O|  |TAMS 0x0000000081900000, 0x0000000081800000| Untracked 
|   1|0x0000000081900000, 0x0000000081a00000, 0x0000000081a00000|100%| O|  |TAMS 0x0000000081929a00, 0x0000000081900000| Untracked 
|   2|0x0000000081a00000, 0x0000000081b00000, 0x0000000081b00000|100%| O|  |TAMS 0x0000000081a00000, 0x0000000081a00000| Untracked 
|   3|0x0000000081b00000, 0x0000000081c00000, 0x0000000081c00000|100%| O|  |TAMS 0x0000000081b00000, 0x0000000081b00000| Untracked 
|   4|0x0000000081c00000, 0x0000000081d00000, 0x0000000081d00000|100%| O|  |TAMS 0x0000000081c00000, 0x0000000081c00000| Untracked 
|   5|0x0000000081d00000, 0x0000000081e00000, 0x0000000081e00000|100%| O|  |TAMS 0x0000000081d00000, 0x0000000081d00000| Untracked 
|   6|0x0000000081e00000, 0x0000000081e8f600, 0x0000000081f00000| 56%| O|  |TAMS 0x0000000081e00000, 0x0000000081e00000| Untracked 
|   7|0x0000000081f00000, 0x0000000082000000, 0x0000000082000000|100%| O|  |TAMS 0x0000000081f00000, 0x0000000081f00000| Untracked 
|   8|0x0000000082000000, 0x00000000820ff400, 0x0000000082100000| 99%| O|  |TAMS 0x0000000082000000, 0x0000000082000000| Untracked 
|   9|0x0000000082100000, 0x0000000082100000, 0x0000000082200000|  0%| F|  |TAMS 0x0000000082100000, 0x0000000082100000| Untracked 
|  10|0x0000000082200000, 0x0000000082200000, 0x0000000082300000|  0%| F|  |TAMS 0x0000000082200000, 0x0000000082200000| Untracked 
|  11|0x0000000082300000, 0x0000000082300000, 0x0000000082400000|  0%| F|  |TAMS 0x0000000082300000, 0x0000000082300000| Untracked 
|  12|0x0000000082400000, 0x0000000082400000, 0x0000000082500000|  0%| F|  |TAMS 0x0000000082400000, 0x0000000082400000| Untracked 
|  13|0x0000000082500000, 0x0000000082500000, 0x0000000082600000|  0%| F|  |TAMS 0x0000000082500000, 0x0000000082500000| Untracked 
|  14|0x0000000082600000, 0x0000000082600000, 0x0000000082700000|  0%| F|  |TAMS 0x0000000082600000, 0x0000000082600000| Untracked 
|  15|0x0000000082700000, 0x0000000082700000, 0x0000000082800000|  0%| F|  |TAMS 0x0000000082700000, 0x0000000082700000| Untracked 
|  16|0x0000000082800000, 0x0000000082800000, 0x0000000082900000|  0%| F|  |TAMS 0x0000000082800000, 0x0000000082800000| Untracked 
|  17|0x0000000082900000, 0x0000000082900000, 0x0000000082a00000|  0%| F|  |TAMS 0x0000000082900000, 0x0000000082900000| Untracked 
|  18|0x0000000082a00000, 0x0000000082a00000, 0x0000000082b00000|  0%| F|  |TAMS 0x0000000082a00000, 0x0000000082a00000| Untracked 
|  19|0x0000000082b00000, 0x0000000082b62d00, 0x0000000082c00000| 38%| S|CS|TAMS 0x0000000082b00000, 0x0000000082b00000| Complete 
|  20|0x0000000082c00000, 0x0000000082d00000, 0x0000000082d00000|100%| S|CS|TAMS 0x0000000082c00000, 0x0000000082c00000| Complete 
|  21|0x0000000082d00000, 0x0000000082e00000, 0x0000000082e00000|100%| S|CS|TAMS 0x0000000082d00000, 0x0000000082d00000| Complete 
|  22|0x0000000082e00000, 0x0000000082f00000, 0x0000000082f00000|100%| S|CS|TAMS 0x0000000082e00000, 0x0000000082e00000| Complete 
|  23|0x0000000082f00000, 0x0000000082f00000, 0x0000000083000000|  0%| F|  |TAMS 0x0000000082f00000, 0x0000000082f00000| Untracked 
|  24|0x0000000083000000, 0x0000000083000000, 0x0000000083100000|  0%| F|  |TAMS 0x0000000083000000, 0x0000000083000000| Untracked 
|  25|0x0000000083100000, 0x0000000083100000, 0x0000000083200000|  0%| F|  |TAMS 0x0000000083100000, 0x0000000083100000| Untracked 
|  26|0x0000000083200000, 0x0000000083200000, 0x0000000083300000|  0%| F|  |TAMS 0x0000000083200000, 0x0000000083200000| Untracked 
|  27|0x0000000083300000, 0x0000000083300000, 0x0000000083400000|  0%| F|  |TAMS 0x0000000083300000, 0x0000000083300000| Untracked 
|  28|0x0000000083400000, 0x0000000083400000, 0x0000000083500000|  0%| F|  |TAMS 0x0000000083400000, 0x0000000083400000| Untracked 
|  29|0x0000000083500000, 0x0000000083500000, 0x0000000083600000|  0%| F|  |TAMS 0x0000000083500000, 0x0000000083500000| Untracked 
|  30|0x0000000083600000, 0x0000000083600000, 0x0000000083700000|  0%| F|  |TAMS 0x0000000083600000, 0x0000000083600000| Untracked 
|  31|0x0000000083700000, 0x0000000083700000, 0x0000000083800000|  0%| F|  |TAMS 0x0000000083700000, 0x0000000083700000| Untracked 
|  32|0x0000000083800000, 0x0000000083800000, 0x0000000083900000|  0%| F|  |TAMS 0x0000000083800000, 0x0000000083800000| Untracked 
|  33|0x0000000083900000, 0x0000000083900000, 0x0000000083a00000|  0%| F|  |TAMS 0x0000000083900000, 0x0000000083900000| Untracked 
|  34|0x0000000083a00000, 0x0000000083a00000, 0x0000000083b00000|  0%| F|  |TAMS 0x0000000083a00000, 0x0000000083a00000| Untracked 
|  35|0x0000000083b00000, 0x0000000083b00000, 0x0000000083c00000|  0%| F|  |TAMS 0x0000000083b00000, 0x0000000083b00000| Untracked 
|  36|0x0000000083c00000, 0x0000000083c00000, 0x0000000083d00000|  0%| F|  |TAMS 0x0000000083c00000, 0x0000000083c00000| Untracked 
|  37|0x0000000083d00000, 0x0000000083d00000, 0x0000000083e00000|  0%| F|  |TAMS 0x0000000083d00000, 0x0000000083d00000| Untracked 
|  38|0x0000000083e00000, 0x0000000083e00000, 0x0000000083f00000|  0%| F|  |TAMS 0x0000000083e00000, 0x0000000083e00000| Untracked 
|  39|0x0000000083f00000, 0x0000000083f78e10, 0x0000000084000000| 47%| E|  |TAMS 0x0000000083f00000, 0x0000000083f00000| Complete 
|  40|0x0000000084000000, 0x0000000084100000, 0x0000000084100000|100%| E|CS|TAMS 0x0000000084000000, 0x0000000084000000| Complete 
|  41|0x0000000084100000, 0x0000000084200000, 0x0000000084200000|100%| E|CS|TAMS 0x0000000084100000, 0x0000000084100000| Complete 
|  42|0x0000000084200000, 0x0000000084300000, 0x0000000084300000|100%| E|CS|TAMS 0x0000000084200000, 0x0000000084200000| Complete 
|  43|0x0000000084300000, 0x0000000084400000, 0x0000000084400000|100%| E|CS|TAMS 0x0000000084300000, 0x0000000084300000| Complete 
|  44|0x0000000084400000, 0x0000000084500000, 0x0000000084500000|100%| E|CS|TAMS 0x0000000084400000, 0x0000000084400000| Complete 
|  47|0x0000000084700000, 0x0000000084800000, 0x0000000084800000|100%| E|CS|TAMS 0x0000000084700000, 0x0000000084700000| Complete 
|  48|0x0000000084800000, 0x0000000084900000, 0x0000000084900000|100%| E|CS|TAMS 0x0000000084800000, 0x0000000084800000| Complete 
| 127|0x0000000089700000, 0x0000000089800000, 0x0000000089800000|100%| E|CS|TAMS 0x0000000089700000, 0x0000000089700000| Complete 
|2022|0x00000000ffe00000, 0x00000000fff00000, 0x00000000fff00000|100%| O|  |TAMS 0x00000000fff00000, 0x00000000ffe00000| Untracked 
|2023|0x00000000fff00000, 0x0000000100000000, 0x0000000100000000|100%| O|  |TAMS 0x0000000100000000, 0x00000000fff00000| Untracked 

Card table byte_map: [0x00000275677f0000,0x0000027567bf0000] _byte_map_base: 0x00000275673e4000

Marking Bits (Prev, Next): (CMBitMap*) 0x000002754dfa32f0, (CMBitMap*) 0x000002754dfa3330
 Prev Bits: [0x0000027567ff0000, 0x0000027569f90000)
 Next Bits: [0x0000027569f90000, 0x000002756bf30000)

Polling page: 0x000002754e040000

Metaspace:

Usage:
  Non-class:     24.13 MB capacity,    23.75 MB ( 98%) used,   357.55 KB (  1%) free+waste,    31.75 KB ( <1%) overhead. 
      Class:      3.34 MB capacity,     3.12 MB ( 93%) used,   214.91 KB (  6%) free+waste,    12.88 KB ( <1%) overhead. 
       Both:     27.47 MB capacity,    26.87 MB ( 98%) used,   572.47 KB (  2%) free+waste,    44.62 KB ( <1%) overhead. 

Virtual space:
  Non-class space:       32.00 MB reserved,      24.25 MB ( 76%) committed 
      Class space:        1.00 GB reserved,       3.38 MB ( <1%) committed 
             Both:        1.03 GB reserved,      27.62 MB (  3%) committed 

Chunk freelists:
   Non-Class:  52.00 KB
       Class:  4.00 KB
        Both:  56.00 KB

MaxMetaspaceSize: 17179869184.00 GB
CompressedClassSpaceSize: 1.00 GB

CodeHeap 'non-profiled nmethods': size=120000Kb used=2293Kb max_used=2293Kb free=117706Kb
 bounds [0x000002755f440000, 0x000002755f6b0000, 0x0000027566970000]
CodeHeap 'profiled nmethods': size=120000Kb used=9932Kb max_used=9932Kb free=110067Kb
 bounds [0x0000027557f10000, 0x00000275588d0000, 0x000002755f440000]
CodeHeap 'non-nmethods': size=5760Kb used=1225Kb max_used=1283Kb free=4534Kb
 bounds [0x0000027557970000, 0x0000027557be0000, 0x0000027557f10000]
 total_blobs=5379 nmethods=4885 adapters=406
 compilation: enabled
              stopped_count=0, restarted_count=0
 full_count=0

Compilation events (20 events):
Event: 4.105 Thread 0x000002756e9f18d0 nmethod 4864 0x00000275588b3a90 code [0x00000275588b3c60, 0x00000275588b3f58]
Event: 4.105 Thread 0x000002756e9f18d0 4865       3       sun.net.www.MessageHeader::<init> (9 bytes)
Event: 4.105 Thread 0x000002756e9f18d0 nmethod 4865 0x00000275588b4090 code [0x00000275588b4240, 0x00000275588b43c8]
Event: 4.105 Thread 0x000002756e9f18d0 4866       3       sun.net.www.MessageHeader::grow (92 bytes)
Event: 4.106 Thread 0x000002756e9f18d0 nmethod 4866 0x00000275588b4490 code [0x00000275588b4660, 0x00000275588b4bf8]
Event: 4.107 Thread 0x000002756e9f18d0 4867       3       com.google.inject.internal.Annotations::canonicalizeIfNamed (22 bytes)
Event: 4.107 Thread 0x000002756e9f18d0 nmethod 4867 0x00000275588b4d10 code [0x00000275588b4f20, 0x00000275588b5778]
Event: 4.107 Thread 0x000002756e9f18d0 4870       3       org.eclipse.sisu.space.asm.ClassReader::getAttributes (133 bytes)
Event: 4.108 Thread 0x000002756e9f18d0 nmethod 4870 0x00000275588b5a10 code [0x00000275588b5c40, 0x00000275588b62a8]
Event: 4.108 Thread 0x000002756e9f18d0 4868       3       com.google.inject.Key$AnnotationInstanceStrategy::<init> (18 bytes)
Event: 4.108 Thread 0x000002756e9f18d0 nmethod 4868 0x00000275588b6510 code [0x00000275588b6700, 0x00000275588b6c28]
Event: 4.108 Thread 0x000002756e9f18d0 4869       3       java.util.zip.ZipFile$Source$Key::equals (93 bytes)
Event: 4.109 Thread 0x000002756e9f18d0 nmethod 4869 0x00000275588b6e10 code [0x00000275588b70a0, 0x00000275588b8008]
Event: 4.109 Thread 0x000002756e9f18d0 4871       3       sun.net.www.protocol.file.FileURLConnection::<init> (38 bytes)
Event: 4.110 Thread 0x000002756e9f18d0 nmethod 4871 0x00000275588b8390 code [0x00000275588b8560, 0x00000275588b8958]
Event: 4.118 Thread 0x000002756e9f18d0 4872       3       sun.nio.fs.WindowsFileAttributes::fromFileAttributeData (104 bytes)
Event: 4.118 Thread 0x000002756e9f18d0 nmethod 4872 0x00000275588b8b10 code [0x00000275588b8d00, 0x00000275588b91c8]
Event: 4.135 Thread 0x000002756e9f18d0 4873       3       java.io.FilterInputStream::available (8 bytes)
Event: 4.135 Thread 0x000002756e9f18d0 nmethod 4873 0x00000275588b9410 code [0x00000275588b95c0, 0x00000275588b9788]
Event: 4.138 Thread 0x000002756e9f18d0 4874       3       com.google.inject.Key::strategyFor (51 bytes)

GC Heap History (20 events):
Event: 0.148 GC heap before
{Heap before GC invocations=0 (full 0):
 garbage-first heap   total 131072K, used 3072K [0x0000000081800000, 0x0000000100000000)
  region size 1024K, 5 young (5120K), 0 survivors (0K)
 Metaspace       used 1082K, capacity 4781K, committed 4864K, reserved 1062912K
  class space    used 91K, capacity 467K, committed 512K, reserved 1048576K
}
Event: 0.150 GC heap after
{Heap after GC invocations=1 (full 0):
 garbage-first heap   total 131072K, used 1763K [0x0000000081800000, 0x0000000100000000)
  region size 1024K, 2 young (2048K), 2 survivors (2048K)
 Metaspace       used 1082K, capacity 4781K, committed 4864K, reserved 1062912K
  class space    used 91K, capacity 467K, committed 512K, reserved 1048576K
}
Event: 0.417 GC heap before
{Heap before GC invocations=2 (full 0):
 garbage-first heap   total 10240K, used 9955K [0x0000000081800000, 0x0000000100000000)
  region size 1024K, 10 young (10240K), 2 survivors (2048K)
 Metaspace       used 3550K, capacity 6306K, committed 6528K, reserved 1062912K
  class space    used 370K, capacity 634K, committed 640K, reserved 1048576K
}
Event: 0.423 GC heap after
{Heap after GC invocations=3 (full 0):
 garbage-first heap   total 14336K, used 3259K [0x0000000081800000, 0x0000000100000000)
  region size 1024K, 2 young (2048K), 2 survivors (2048K)
 Metaspace       used 3550K, capacity 6306K, committed 6528K, reserved 1062912K
  class space    used 370K, capacity 634K, committed 640K, reserved 1048576K
}
Event: 0.493 GC heap before
{Heap before GC invocations=3 (full 0):
 garbage-first heap   total 14336K, used 5307K [0x0000000081800000, 0x0000000100000000)
  region size 1024K, 5 young (5120K), 2 survivors (2048K)
 Metaspace       used 4536K, capacity 7173K, committed 7424K, reserved 1064960K
  class space    used 492K, capacity 731K, committed 768K, reserved 1048576K
}
Event: 0.496 GC heap after
{Heap after GC invocations=4 (full 0):
 garbage-first heap   total 14336K, used 3499K [0x0000000081800000, 0x0000000100000000)
  region size 1024K, 1 young (1024K), 1 survivors (1024K)
 Metaspace       used 4536K, capacity 7173K, committed 7424K, reserved 1064960K
  class space    used 492K, capacity 731K, committed 768K, reserved 1048576K
}
Event: 0.575 GC heap before
{Heap before GC invocations=4 (full 0):
 garbage-first heap   total 14336K, used 6571K [0x0000000081800000, 0x0000000100000000)
  region size 1024K, 4 young (4096K), 1 survivors (1024K)
 Metaspace       used 5577K, capacity 7793K, committed 8064K, reserved 1064960K
  class space    used 640K, capacity 831K, committed 896K, reserved 1048576K
}
Event: 0.576 GC heap after
{Heap after GC invocations=5 (full 0):
 garbage-first heap   total 14336K, used 3607K [0x0000000081800000, 0x0000000100000000)
  region size 1024K, 1 young (1024K), 1 survivors (1024K)
 Metaspace       used 5577K, capacity 7793K, committed 8064K, reserved 1064960K
  class space    used 640K, capacity 831K, committed 896K, reserved 1048576K
}
Event: 0.640 GC heap before
{Heap before GC invocations=5 (full 0):
 garbage-first heap   total 14336K, used 6679K [0x0000000081800000, 0x0000000100000000)
  region size 1024K, 5 young (5120K), 1 survivors (1024K)
 Metaspace       used 5862K, capacity 8020K, committed 8064K, reserved 1064960K
  class space    used 679K, capacity 864K, committed 896K, reserved 1048576K
}
Event: 0.642 GC heap after
{Heap after GC invocations=6 (full 0):
 garbage-first heap   total 72704K, used 3796K [0x0000000081800000, 0x0000000100000000)
  region size 1024K, 1 young (1024K), 1 survivors (1024K)
 Metaspace       used 5862K, capacity 8020K, committed 8064K, reserved 1064960K
  class space    used 679K, capacity 864K, committed 896K, reserved 1048576K
}
Event: 1.440 GC heap before
{Heap before GC invocations=6 (full 0):
 garbage-first heap   total 72704K, used 45780K [0x0000000081800000, 0x0000000100000000)
  region size 1024K, 42 young (43008K), 1 survivors (1024K)
 Metaspace       used 11411K, capacity 13007K, committed 13184K, reserved 1069056K
  class space    used 1349K, capacity 1559K, committed 1664K, reserved 1048576K
}
Event: 1.446 GC heap after
{Heap after GC invocations=7 (full 0):
 garbage-first heap   total 72704K, used 5776K [0x0000000081800000, 0x0000000100000000)
  region size 1024K, 3 young (3072K), 3 survivors (3072K)
 Metaspace       used 11411K, capacity 13007K, committed 13184K, reserved 1069056K
  class space    used 1349K, capacity 1559K, committed 1664K, reserved 1048576K
}
Event: 2.353 GC heap before
{Heap before GC invocations=7 (full 0):
 garbage-first heap   total 72704K, used 45712K [0x0000000081800000, 0x0000000100000000)
  region size 1024K, 42 young (43008K), 3 survivors (3072K)
 Metaspace       used 16473K, capacity 17292K, committed 17536K, reserved 1073152K
  class space    used 1927K, capacity 2069K, committed 2176K, reserved 1048576K
}
Event: 2.363 GC heap after
{Heap after GC invocations=8 (full 0):
 garbage-first heap   total 72704K, used 8926K [0x0000000081800000, 0x0000000100000000)
  region size 1024K, 6 young (6144K), 6 survivors (6144K)
 Metaspace       used 16473K, capacity 17292K, committed 17536K, reserved 1073152K
  class space    used 1927K, capacity 2069K, committed 2176K, reserved 1048576K
}
Event: 2.893 GC heap before
{Heap before GC invocations=8 (full 0):
 garbage-first heap   total 72704K, used 28382K [0x0000000081800000, 0x0000000100000000)
  region size 1024K, 26 young (26624K), 6 survivors (6144K)
 Metaspace       used 20875K, capacity 21455K, committed 21628K, reserved 1077248K
  class space    used 2448K, capacity 2586K, committed 2688K, reserved 1048576K
}
Event: 2.903 GC heap after
{Heap after GC invocations=9 (full 0):
 garbage-first heap   total 72704K, used 10712K [0x0000000081800000, 0x0000000100000000)
  region size 1024K, 2 young (2048K), 2 survivors (2048K)
 Metaspace       used 20875K, capacity 21455K, committed 21628K, reserved 1077248K
  class space    used 2448K, capacity 2586K, committed 2688K, reserved 1048576K
}
Event: 3.450 GC heap before
{Heap before GC invocations=10 (full 0):
 garbage-first heap   total 40960K, used 33240K [0x0000000081800000, 0x0000000100000000)
  region size 1024K, 24 young (24576K), 2 survivors (2048K)
 Metaspace       used 25691K, capacity 26243K, committed 26492K, reserved 1081344K
  class space    used 2991K, capacity 3179K, committed 3200K, reserved 1048576K
}
Event: 3.456 GC heap after
{Heap after GC invocations=11 (full 0):
 garbage-first heap   total 51200K, used 12843K [0x0000000081800000, 0x0000000100000000)
  region size 1024K, 2 young (2048K), 2 survivors (2048K)
 Metaspace       used 25691K, capacity 26243K, committed 26492K, reserved 1081344K
  class space    used 2991K, capacity 3179K, committed 3200K, reserved 1048576K
}
Event: 3.912 GC heap before
{Heap before GC invocations=11 (full 0):
 garbage-first heap   total 51200K, used 37419K [0x0000000081800000, 0x0000000100000000)
  region size 1024K, 27 young (27648K), 2 survivors (2048K)
 Metaspace       used 26889K, capacity 27462K, committed 27644K, reserved 1081344K
  class space    used 3074K, capacity 3282K, committed 3328K, reserved 1048576K
}
Event: 3.921 GC heap after
{Heap after GC invocations=12 (full 0):
 garbage-first heap   total 51200K, used 14277K [0x0000000081800000, 0x0000000100000000)
  region size 1024K, 4 young (4096K), 4 survivors (4096K)
 Metaspace       used 26889K, capacity 27462K, committed 27644K, reserved 1081344K
  class space    used 3074K, capacity 3282K, committed 3328K, reserved 1048576K
}

Deoptimization events (20 events):
Event: 3.853 Thread 0x000002754df68b20 Uncommon trap: trap_request=0xffffffbe fr.pc=0x000002755f66c404 relative=0x0000000000000264
Event: 3.853 Thread 0x000002754df68b20 Uncommon trap: reason=profile_predicate action=maybe_recompile pc=0x000002755f66c404 method=java.util.HashMap.keysToArray([Ljava/lang/Object;)[Ljava/lang/Object; @ 36 c2
Event: 3.853 Thread 0x000002754df68b20 DEOPT PACKING pc=0x000002755f66c404 sp=0x00000083bf2fc690
Event: 3.853 Thread 0x000002754df68b20 DEOPT UNPACKING pc=0x00000275579be42f sp=0x00000083bf2fc620 mode 2
Event: 3.859 Thread 0x000002754df68b20 Uncommon trap: trap_request=0xffffffbe fr.pc=0x000002755f66c404 relative=0x0000000000000264
Event: 3.859 Thread 0x000002754df68b20 Uncommon trap: reason=profile_predicate action=maybe_recompile pc=0x000002755f66c404 method=java.util.HashMap.keysToArray([Ljava/lang/Object;)[Ljava/lang/Object; @ 36 c2
Event: 3.859 Thread 0x000002754df68b20 DEOPT PACKING pc=0x000002755f66c404 sp=0x00000083bf2fc450
Event: 3.859 Thread 0x000002754df68b20 DEOPT UNPACKING pc=0x00000275579be42f sp=0x00000083bf2fc3e0 mode 2
Event: 3.859 Thread 0x000002754df68b20 Uncommon trap: trap_request=0xffffffbe fr.pc=0x000002755f66c404 relative=0x0000000000000264
Event: 3.859 Thread 0x000002754df68b20 Uncommon trap: reason=profile_predicate action=maybe_recompile pc=0x000002755f66c404 method=java.util.HashMap.keysToArray([Ljava/lang/Object;)[Ljava/lang/Object; @ 36 c2
Event: 3.859 Thread 0x000002754df68b20 DEOPT PACKING pc=0x000002755f66c404 sp=0x00000083bf2fc450
Event: 3.859 Thread 0x000002754df68b20 DEOPT UNPACKING pc=0x00000275579be42f sp=0x00000083bf2fc3e0 mode 2
Event: 3.927 Thread 0x000002754df68b20 Uncommon trap: trap_request=0xffffff45 fr.pc=0x000002755f648ebc relative=0x00000000000028bc
Event: 3.927 Thread 0x000002754df68b20 Uncommon trap: reason=unstable_if action=reinterpret pc=0x000002755f648ebc method=org.codehaus.plexus.util.xml.pull.MXParser.parseAttribute()C @ 786 c2
Event: 3.927 Thread 0x000002754df68b20 DEOPT PACKING pc=0x000002755f648ebc sp=0x00000083bf2fbe70
Event: 3.927 Thread 0x000002754df68b20 DEOPT UNPACKING pc=0x00000275579be42f sp=0x00000083bf2fbdf8 mode 2
Event: 4.018 Thread 0x000002754df68b20 DEOPT PACKING pc=0x000002755814d9cc sp=0x00000083bf2fc4a0
Event: 4.018 Thread 0x000002754df68b20 DEOPT UNPACKING pc=0x00000275579be23f sp=0x00000083bf2fba20 mode 0
Event: 4.036 Thread 0x000002754df68b20 DEOPT PACKING pc=0x00000275580f1b92 sp=0x00000083bf2fcb70
Event: 4.037 Thread 0x000002754df68b20 DEOPT UNPACKING pc=0x00000275579be23f sp=0x00000083bf2fc008 mode 0

Classes unloaded (0 events):
No events

Classes redefined (0 events):
No events

Internal exceptions (20 events):
Event: 3.175 Thread 0x000002754df68b20 Exception <a 'sun/nio/fs/WindowsException'{0x0000000083411dd8}> (0x0000000083411dd8) 
thrown [./open/src/hotspot/share/prims/jni.cpp, line 578]
Event: 3.175 Thread 0x000002754df68b20 Exception <a 'sun/nio/fs/WindowsException'{0x0000000083412158}> (0x0000000083412158) 
thrown [./open/src/hotspot/share/prims/jni.cpp, line 578]
Event: 3.176 Thread 0x000002754df68b20 Exception <a 'java/lang/NoSuchMethodError'{0x0000000083414d40}: 'java.lang.Object java.lang.invoke.DirectMethodHandle$Holder.invokeStatic(java.lang.Object, java.lang.Object, int, int)'> (0x0000000083414d40) 
thrown [./open/src/hotspot/share/interpreter/linkResolver.cpp, line 782]
Event: 3.196 Thread 0x000002754df68b20 Exception <a 'java/lang/NoSuchMethodError'{0x00000000834b8f98}: 'void java.lang.invoke.DirectMethodHandle$Holder.invokeSpecial(java.lang.Object, java.lang.Object, java.lang.Object, java.lang.Object, java.lang.Object)'> (0x00000000834b8f98) 
thrown [./open/src/hotspot/share/interpreter/linkResolver.cpp, line 782]
Event: 3.269 Thread 0x000002754df68b20 Exception <a 'sun/nio/fs/WindowsException'{0x0000000082f0ef50}> (0x0000000082f0ef50) 
thrown [./open/src/hotspot/share/prims/jni.cpp, line 578]
Event: 3.269 Thread 0x000002754df68b20 Exception <a 'sun/nio/fs/WindowsException'{0x0000000082f0f6e0}> (0x0000000082f0f6e0) 
thrown [./open/src/hotspot/share/prims/jni.cpp, line 578]
Event: 3.269 Thread 0x000002754df68b20 Exception <a 'sun/nio/fs/WindowsException'{0x0000000082f0fe48}> (0x0000000082f0fe48) 
thrown [./open/src/hotspot/share/prims/jni.cpp, line 578]
Event: 3.269 Thread 0x000002754df68b20 Exception <a 'sun/nio/fs/WindowsException'{0x0000000082f10618}> (0x0000000082f10618) 
thrown [./open/src/hotspot/share/prims/jni.cpp, line 578]
Event: 3.269 Thread 0x000002754df68b20 Exception <a 'sun/nio/fs/WindowsException'{0x0000000082f10948}> (0x0000000082f10948) 
thrown [./open/src/hotspot/share/prims/jni.cpp, line 578]
Event: 3.270 Thread 0x000002754df68b20 Exception <a 'sun/nio/fs/WindowsException'{0x0000000082f115f0}> (0x0000000082f115f0) 
thrown [./open/src/hotspot/share/prims/jni.cpp, line 578]
Event: 3.270 Thread 0x000002754df68b20 Exception <a 'sun/nio/fs/WindowsException'{0x0000000082f118f0}> (0x0000000082f118f0) 
thrown [./open/src/hotspot/share/prims/jni.cpp, line 578]
Event: 3.270 Thread 0x000002754df68b20 Exception <a 'sun/nio/fs/WindowsException'{0x0000000082f12588}> (0x0000000082f12588) 
thrown [./open/src/hotspot/share/prims/jni.cpp, line 578]
Event: 3.275 Thread 0x000002754df68b20 Exception <a 'sun/nio/fs/WindowsException'{0x0000000082f19cd0}> (0x0000000082f19cd0) 
thrown [./open/src/hotspot/share/prims/jni.cpp, line 578]
Event: 3.292 Thread 0x000002754df68b20 Exception <a 'sun/nio/fs/WindowsException'{0x0000000082f89ed8}> (0x0000000082f89ed8) 
thrown [./open/src/hotspot/share/prims/jni.cpp, line 578]
Event: 3.296 Thread 0x000002754df68b20 Exception <a 'sun/nio/fs/WindowsException'{0x0000000082f995e8}> (0x0000000082f995e8) 
thrown [./open/src/hotspot/share/prims/jni.cpp, line 578]
Event: 3.301 Thread 0x000002754df68b20 Exception <a 'sun/nio/fs/WindowsException'{0x0000000082fa81e0}> (0x0000000082fa81e0) 
thrown [./open/src/hotspot/share/prims/jni.cpp, line 578]
Event: 3.306 Thread 0x000002754df68b20 Exception <a 'sun/nio/fs/WindowsException'{0x0000000082fb7b30}> (0x0000000082fb7b30) 
thrown [./open/src/hotspot/share/prims/jni.cpp, line 578]
Event: 3.807 Thread 0x0000027571f3f250 Exception <a 'java/lang/NoSuchMethodError'{0x00000000835393a0}: 'java.lang.Object java.lang.invoke.DirectMethodHandle$Holder.invokeStaticInit(java.lang.Object, java.lang.Object, long, java.lang.Object)'> (0x00000000835393a0) 
thrown [./open/src/hotspot/share/interpreter/linkResolver.cpp, line 782]
Event: 3.808 Thread 0x0000027571f3f250 Exception <a 'java/lang/NoSuchMethodError'{0x000000008353ff28}: 'java.lang.Object java.lang.invoke.DirectMethodHandle$Holder.newInvokeSpecial(java.lang.Object, java.lang.Object, long)'> (0x000000008353ff28) 
thrown [./open/src/hotspot/share/interpreter/linkResolver.cpp, line 782]
Event: 3.808 Thread 0x0000027571f3f250 Exception <a 'java/lang/NoSuchMethodError'{0x00000000834fe478}: 'java.lang.Object java.lang.invoke.Invokers$Holder.linkToTargetMethod(java.lang.Object, long, java.lang.Object)'> (0x00000000834fe478) 
thrown [./open/src/hotspot/share/interpreter/linkResolver.cpp, line 782]

Events (20 events):
Event: 3.820 loading class sun/security/jca/GetInstance
Event: 3.821 loading class sun/security/jca/GetInstance done
Event: 3.821 loading class sun/security/provider/SHA
Event: 3.821 loading class sun/security/provider/DigestBase
Event: 3.821 loading class sun/security/provider/DigestBase done
Event: 3.821 loading class sun/security/provider/SHA done
Event: 3.822 loading class sun/security/jca/GetInstance$Instance
Event: 3.822 loading class sun/security/jca/GetInstance$Instance done
Event: 3.822 loading class java/security/MessageDigest$Delegate
Event: 3.823 loading class sun/security/util/MessageDigestSpi2
Event: 3.823 loading class sun/security/util/MessageDigestSpi2 done
Event: 3.823 loading class java/security/MessageDigest$Delegate done
Event: 3.823 loading class java/security/MessageDigest$Delegate$CloneableDelegate
Event: 3.823 loading class java/security/MessageDigest$Delegate$CloneableDelegate done
Event: 3.823 loading class sun/security/provider/ByteArrayAccess
Event: 3.823 loading class sun/security/provider/ByteArrayAccess done
Event: 3.912 Executing VM operation: G1CollectForAllocation
Event: 3.921 Executing VM operation: G1CollectForAllocation done
Event: 3.921 Executing VM operation: HandshakeAllThreads
Event: 3.921 Executing VM operation: HandshakeAllThreads done


Dynamic libraries:
0x00007ff6f75d0000 - 0x00007ff6f75df000 	C:\Program Files\Java\jdk-15\bin\java.exe
0x00007fff82090000 - 0x00007fff82288000 	C:\Windows\SYSTEM32\ntdll.dll
0x00007fff80690000 - 0x00007fff8074d000 	C:\Windows\System32\KERNEL32.DLL
0x00007fff7f9b0000 - 0x00007fff7fca6000 	C:\Windows\System32\KERNELBASE.dll
0x00007fff7fce0000 - 0x00007fff7fde0000 	C:\Windows\System32\ucrtbase.dll
0x00007fff4c1c0000 - 0x00007fff4c1d8000 	C:\Program Files\Java\jdk-15\bin\jli.dll
0x00007fff76240000 - 0x00007fff76259000 	C:\Program Files\Java\jdk-15\bin\VCRUNTIME140.dll
0x00007fff80410000 - 0x00007fff804bf000 	C:\Windows\System32\ADVAPI32.dll
0x00007fff80160000 - 0x00007fff801fe000 	C:\Windows\System32\msvcrt.dll
0x00007fff81a60000 - 0x00007fff81afc000 	C:\Windows\System32\sechost.dll
0x00007fff80210000 - 0x00007fff80336000 	C:\Windows\System32\RPCRT4.dll
0x00007fff81280000 - 0x00007fff8141e000 	C:\Windows\System32\USER32.dll
0x00007fff7f770000 - 0x00007fff7f792000 	C:\Windows\System32\win32u.dll
0x00007fff65ce0000 - 0x00007fff65f7a000 	C:\Windows\WinSxS\amd64_microsoft.windows.common-controls_6595b64144ccf1df_6.0.19041.3636_none_60b6a03d71f818d5\COMCTL32.dll
0x00007fff80580000 - 0x00007fff805ac000 	C:\Windows\System32\GDI32.dll
0x00007fff7fe30000 - 0x00007fff7ff4a000 	C:\Windows\System32\gdi32full.dll
0x00007fff7ff50000 - 0x00007fff7ffed000 	C:\Windows\System32\msvcp_win.dll
0x00007fff790b0000 - 0x00007fff790ba000 	C:\Windows\SYSTEM32\VERSION.dll
0x00007fff80550000 - 0x00007fff80580000 	C:\Windows\System32\IMM32.DLL
0x00007fff5ceb0000 - 0x00007fff5cebc000 	C:\Program Files\Java\jdk-15\bin\vcruntime140_1.dll
0x00007fff28220000 - 0x00007fff282b1000 	C:\Program Files\Java\jdk-15\bin\msvcp140.dll
0x00007fff269a0000 - 0x00007fff274fc000 	C:\Program Files\Java\jdk-15\bin\server\jvm.dll
0x00007fff80200000 - 0x00007fff80208000 	C:\Windows\System32\PSAPI.DLL
0x00007fff76260000 - 0x00007fff76269000 	C:\Windows\SYSTEM32\WSOCK32.dll
0x00007fff81550000 - 0x00007fff815bb000 	C:\Windows\System32\WS2_32.dll
0x00007fff586e0000 - 0x00007fff58707000 	C:\Windows\SYSTEM32\WINMM.dll
0x00007fff7d510000 - 0x00007fff7d522000 	C:\Windows\SYSTEM32\kernel.appcore.dll
0x00007fff5ce10000 - 0x00007fff5ce1a000 	C:\Program Files\Java\jdk-15\bin\jimage.dll
0x00007fff79850000 - 0x00007fff79a34000 	C:\Windows\SYSTEM32\DBGHELP.DLL
0x00007fff5e9d0000 - 0x00007fff5ea04000 	C:\Windows\SYSTEM32\dbgcore.DLL
0x00007fff7fff0000 - 0x00007fff80072000 	C:\Windows\System32\bcryptPrimitives.dll
0x00007fff3f5a0000 - 0x00007fff3f5c5000 	C:\Program Files\Java\jdk-15\bin\java.dll
0x00007fff80a10000 - 0x00007fff81154000 	C:\Windows\System32\SHELL32.dll
0x00007fff7d7f0000 - 0x00007fff7df8b000 	C:\Windows\SYSTEM32\windows.storage.dll
0x00007fff815d0000 - 0x00007fff81924000 	C:\Windows\System32\combase.dll
0x00007fff7f0d0000 - 0x00007fff7f0fd000 	C:\Windows\SYSTEM32\Wldp.dll
0x00007fff80750000 - 0x00007fff807fd000 	C:\Windows\System32\SHCORE.dll
0x00007fff80100000 - 0x00007fff80155000 	C:\Windows\System32\shlwapi.dll
0x00007fff7f6a0000 - 0x00007fff7f6c5000 	C:\Windows\SYSTEM32\profapi.dll
0x00007fff3f2d0000 - 0x00007fff3f2e9000 	C:\Program Files\Java\jdk-15\bin\net.dll
0x00007fff76dc0000 - 0x00007fff76eca000 	C:\Windows\SYSTEM32\WINHTTP.dll
0x00007fff7eeb0000 - 0x00007fff7ef1a000 	C:\Windows\system32\mswsock.dll
0x00007fff3f1f0000 - 0x00007fff3f202000 	C:\Program Files\Java\jdk-15\bin\nio.dll
0x00007fff3f160000 - 0x00007fff3f178000 	C:\Program Files\Java\jdk-15\bin\zip.dll
0x0000000069ac0000 - 0x0000000069ae4000 	C:\Program Files\NetBeans-19\netbeans\java\maven\lib\jansi-native\Windows\x86_64\jansi.dll
0x00007fff58c40000 - 0x00007fff58c50000 	C:\Program Files\Java\jdk-15\bin\verify.dll

dbghelp: loaded successfully - version: 4.0.5 - missing functions: none
symbol engine: initialized successfully - sym options: 0x614 - pdb path: .;C:\Program Files\Java\jdk-15\bin;C:\Windows\SYSTEM32;C:\Windows\WinSxS\amd64_microsoft.windows.common-controls_6595b64144ccf1df_6.0.19041.3636_none_60b6a03d71f818d5;C:\Program Files\Java\jdk-15\bin\server;C:\Program Files\NetBeans-19\netbeans\java\maven\lib\jansi-native\Windows\x86_64

VM Arguments:
jvm_args: -Dclassworlds.conf=C:\Program Files\NetBeans-19\netbeans\java\maven\bin\m2.conf -Dmaven.home=C:\Program Files\NetBeans-19\netbeans\java\maven -Dlibrary.jansi.path=C:\Program Files\NetBeans-19\netbeans\java\maven\lib\jansi-native -Dmaven.multiModuleProjectDirectory=C:\Users\shahr\Desktop\Design Pattern\FacadeDesignPattern 
java_command: org.codehaus.plexus.classworlds.launcher.Launcher -Dmaven.ext.class.path=C:\Program Files\NetBeans-19\netbeans\java\maven-nblib\netbeans-eventspy.jar -Dfile.encoding=UTF-8 --no-transfer-progress clean install
java_class_path (initial): C:\Program Files\NetBeans-19\netbeans\java\maven\boot\plexus-classworlds-2.7.0.jar
Launcher Type: SUN_STANDARD

[Global flags]
     intx CICompilerCount                          = 4                                         {product} {ergonomic}
     uint ConcGCThreads                            = 2                                         {product} {ergonomic}
     uint G1ConcRefinementThreads                  = 8                                         {product} {ergonomic}
   size_t G1HeapRegionSize                         = 1048576                                   {product} {ergonomic}
    uintx GCDrainStackTargetSize                   = 64                                        {product} {ergonomic}
   size_t InitialHeapSize                          = 134217728                                 {product} {ergonomic}
   size_t MarkStackSize                            = 4194304                                   {product} {ergonomic}
   size_t MaxHeapSize                              = 2122317824                                {product} {ergonomic}
   size_t MaxNewSize                               = 1272971264                                {product} {ergonomic}
   size_t MinHeapDeltaBytes                        = 1048576                                   {product} {ergonomic}
   size_t MinHeapSize                              = 8388608                                   {product} {ergonomic}
    uintx NonNMethodCodeHeapSize                   = 5839372                                {pd product} {ergonomic}
    uintx NonProfiledCodeHeapSize                  = 122909434                              {pd product} {ergonomic}
    uintx ProfiledCodeHeapSize                     = 122909434                              {pd product} {ergonomic}
    uintx ReservedCodeCacheSize                    = 251658240                              {pd product} {ergonomic}
     bool SegmentedCodeCache                       = true                                      {product} {ergonomic}
   size_t SoftMaxHeapSize                          = 2122317824                             {manageable} {ergonomic}
     bool UseCompressedClassPointers               = true                                 {lp64_product} {ergonomic}
     bool UseCompressedOops                        = true                                 {lp64_product} {ergonomic}
     bool UseG1GC                                  = true                                      {product} {ergonomic}
     bool UseLargePagesIndividualAllocation        = false                                  {pd product} {ergonomic}

Logging:
Log output configuration:
 #0: stdout all=warning uptime,level,tags
 #1: stderr all=off uptime,level,tags

Environment Variables:
JAVA_HOME=C:\Program Files\Java\jdk-15
PATH=C:\Python312\Scripts\;C:\Python312\;C:\Program Files\Python38\Scripts\;C:\Program Files\Python38\;C:\Program Files\Common Files\Oracle\Java\javapath;C:\Windows\system32;C:\Windows;C:\Windows\System32\Wbem;C:\Windows\System32\WindowsPowerShell\v1.0\;C:\Windows\System32\OpenSSH\;C:\Program Files\Git\cmd;C:\Program Files\dotnet\;C:\Program Files (x86)\nodejs\;C:\ProgramData\chocolatey\bin;C:\Users\shahr\AppData\Local\Microsoft\WindowsApps;C:\Program Files\Java\jdk-15\bin;C:\flutter\bin;C:\Users\shahr\AppData\Local\Programs\Microsoft VS Code\bin;C:\Users\shahr\AppData\Local\Android\Sdk\platform-tools;C:\Users\shahr\.dotnet\tools;C:\Users\shahr\AppData\Local\Pub\Cache\bin;C:\Users\shahr\AppData\Roaming\npm
USERNAME=shahr
OS=Windows_NT
PROCESSOR_IDENTIFIER=Intel64 Family 6 Model 142 Stepping 10, GenuineIntel



---------------  S Y S T E M  ---------------

OS:
 Windows 10 , 64 bit Build 19041 (10.0.19041.3636)
OS uptime: 0 days 2:08 hours
HyperV virtualization detected

CPU: total 8 (initial active 8) (4 cores per cpu, 2 threads per core) family 6 model 142 stepping 10, cmov, cx8, fxsr, mmx, sse, sse2, sse3, ssse3, sse4.1, sse4.2, popcnt, vzeroupper, avx, avx2, aes, clmul, erms, 3dnowpref, lzcnt, ht, tsc, tscinvbit, bmi1, bmi2, adx, fma, clflush, clflushopt

Memory: 4k page, system-wide physical 8088M (516M free)
TotalPageFile size 15240M (AvailPageFile size 4M)
current process WorkingSet (physical memory assigned to process): 163M, peak: 164M
current process commit charge ("private bytes"): 203M, peak: 217M

vm_info: Java HotSpot(TM) 64-Bit Server VM (15+36-1562) for windows-amd64 JRE (15+36-1562), built on Aug 11 2020 22:38:02 by "mach5one" with unknown MS VC++:1925

END.
