#
# There is insufficient memory for the Java Runtime Environment to continue.
# Native memory allocation (malloc) failed to allocate 417840 bytes for Chunk::new
# Possible reasons:
#   The system is out of physical RAM or swap space
#   The process is running with CompressedOops enabled, and the Java Heap may be blocking the growth of the native heap
# Possible solutions:
#   Reduce memory load on the system
#   Increase physical memory or swap space
#   Check if swap backing store is full
#   Decrease Java heap size (-Xmx/-Xms)
#   Decrease number of Java threads
#   Decrease Java thread stack sizes (-Xss)
#   Set larger code cache with -XX:ReservedCodeCacheSize=
#   JVM is running with Unscaled Compressed Oops mode in which the Java heap is
#     placed in the first 4GB address space. The Java Heap base address is the
#     maximum limit for the native heap growth. Please use -XX:HeapBaseMinAddress
#     to set the Java Heap base and to place the Java Heap above 4GB virtual address.
# This output file may be truncated or incomplete.
#
#  Out of Memory Error (./open/src/hotspot/share/memory/arena.cpp:195), pid=17636, tid=17456
#
# JRE version: Java(TM) SE Runtime Environment (15.0+36) (build 15+36-1562)
# Java VM: Java HotSpot(TM) 64-Bit Server VM (15+36-1562, mixed mode, sharing, tiered, compressed oops, g1 gc, windows-amd64)
# No core dump will be written. Minidumps are not enabled by default on client versions of Windows
#

---------------  S U M M A R Y ------------

Command Line: -Dclassworlds.conf=C:\Program Files\NetBeans-19\netbeans\java\maven\bin\m2.conf -Dmaven.home=C:\Program Files\NetBeans-19\netbeans\java\maven -Dlibrary.jansi.path=C:\Program Files\NetBeans-19\netbeans\java\maven\lib\jansi-native -Dmaven.multiModuleProjectDirectory=C:\Users\shahr\Desktop\Design Pattern\FacadeDesignPattern org.codehaus.plexus.classworlds.launcher.Launcher -Dexec.vmArgs= -Dexec.args=${exec.vmArgs} -classpath %classpath ${exec.mainClass} ${exec.appArgs} -Dexec.executable=C:\Program Files\Java\jdk-15\bin\java.exe -Dexec.mainClass=com.mycompany.facadedesignpattern.FacadeDesignPattern -Dexec.classpathScope=runtime -Dexec.appArgs= -Dmaven.ext.class.path=C:\Program Files\NetBeans-19\netbeans\java\maven-nblib\netbeans-eventspy.jar -Dfile.encoding=UTF-8 --no-transfer-progress process-classes org.codehaus.mojo:exec-maven-plugin:3.1.0:exec

Host: Intel(R) Core(TM) i5-8250U CPU @ 1.60GHz, 8 cores, 7G,  Windows 10 , 64 bit Build 19041 (10.0.19041.3636)
Time: Tue Nov 28 10:15:47 2023 Pakistan Standard Time elapsed time: 0.954109 seconds (0d 0h 0m 0s)

---------------  T H R E A D  ---------------

Current thread (0x000002332d76e2b0):  JavaThread "C2 CompilerThread0" daemon [_thread_in_native, id=17456, stack(0x000000e44da00000,0x000000e44db00000)]


Current CompileTask:
C2:    954 1375       4       jdk.internal.module.SystemModuleFinders$SystemModuleReader::find (54 bytes)

Stack: [0x000000e44da00000,0x000000e44db00000]
Native frames: (J=compiled Java code, j=interpreted, Vv=VM code, C=native code)
V  [jvm.dll+0x629eaa]
V  [jvm.dll+0x780379]
V  [jvm.dll+0x781ad3]
V  [jvm.dll+0x782133]
V  [jvm.dll+0x2159d5]
V  [jvm.dll+0x9794a]
V  [jvm.dll+0x9802c]
V  [jvm.dll+0x32dc35]
V  [jvm.dll+0x18dd31]
V  [jvm.dll+0x1e9ef2]
V  [jvm.dll+0x1e903e]
V  [jvm.dll+0x177f17]
V  [jvm.dll+0x1f88f5]
V  [jvm.dll+0x1f699c]
V  [jvm.dll+0x74384d]
V  [jvm.dll+0x73c64a]
V  [jvm.dll+0x628d16]
C  [ucrtbase.dll+0x21bb2]
C  [KERNEL32.DLL+0x17344]
C  [ntdll.dll+0x526b1]


---------------  P R O C E S S  ---------------

Threads class SMR info:
_java_thread_list=0x000002332eb2bc10, length=13, elements={
0x000002330ec89910, 0x000002332d7473b0, 0x000002332d747e90, 0x000002332d763170,
0x000002332d763b30, 0x000002332d765500, 0x000002332d76e2b0, 0x000002332d792270,
0x000002332d79d350, 0x000002332e1b8f90, 0x000002332e1dbbc0, 0x000002332e907080,
0x000002332ea5f5f0
}

Java Threads: ( => current thread )
  0x000002330ec89910 JavaThread "main" [_thread_in_Java, id=16636, stack(0x000000e44ce00000,0x000000e44cf00000)]
  0x000002332d7473b0 JavaThread "Reference Handler" daemon [_thread_blocked, id=3108, stack(0x000000e44d500000,0x000000e44d600000)]
  0x000002332d747e90 JavaThread "Finalizer" daemon [_thread_blocked, id=18112, stack(0x000000e44d600000,0x000000e44d700000)]
  0x000002332d763170 JavaThread "Signal Dispatcher" daemon [_thread_blocked, id=18144, stack(0x000000e44d700000,0x000000e44d800000)]
  0x000002332d763b30 JavaThread "Attach Listener" daemon [_thread_blocked, id=18140, stack(0x000000e44d800000,0x000000e44d900000)]
  0x000002332d765500 JavaThread "Service Thread" daemon [_thread_blocked, id=17184, stack(0x000000e44d900000,0x000000e44da00000)]
=>0x000002332d76e2b0 JavaThread "C2 CompilerThread0" daemon [_thread_in_native, id=17456, stack(0x000000e44da00000,0x000000e44db00000)]
  0x000002332d792270 JavaThread "C1 CompilerThread0" daemon [_thread_blocked, id=15976, stack(0x000000e44db00000,0x000000e44dc00000)]
  0x000002332d79d350 JavaThread "Sweeper thread" daemon [_thread_blocked, id=18108, stack(0x000000e44dc00000,0x000000e44dd00000)]
  0x000002332e1b8f90 JavaThread "Notification Thread" daemon [_thread_blocked, id=10228, stack(0x000000e44dd00000,0x000000e44de00000)]
  0x000002332e1dbbc0 JavaThread "Common-Cleaner" daemon [_thread_blocked, id=18132, stack(0x000000e44df00000,0x000000e44e000000)]
  0x000002332e907080 JavaThread "C2 CompilerThread1" daemon [_thread_in_native, id=18136, stack(0x000000e44e000000,0x000000e44e100000)]
  0x000002332ea5f5f0 JavaThread "C2 CompilerThread2" daemon [_thread_in_native, id=17756, stack(0x000000e44e100000,0x000000e44e200000)]

Other Threads:
  0x000002332d743c10 VMThread "VM Thread" [stack: 0x000000e44d400000,0x000000e44d500000] [id=17760]
  0x000002332e1c2cb0 WatcherThread [stack: 0x000000e44de00000,0x000000e44df00000] [id=18156]
  0x000002330ecc39f0 GCTaskThread "GC Thread#0" [stack: 0x000000e44cf00000,0x000000e44d000000] [id=9780]
  0x000002332e1b7de0 GCTaskThread "GC Thread#1" [stack: 0x000000e44e200000,0x000000e44e300000] [id=16104]
  0x000002332e1b8110 GCTaskThread "GC Thread#2" [stack: 0x000000e44e300000,0x000000e44e400000] [id=14744]
  0x000002330ecda200 ConcurrentGCThread "G1 Main Marker" [stack: 0x000000e44d000000,0x000000e44d100000] [id=7012]
  0x000002330ecdb520 ConcurrentGCThread "G1 Conc#0" [stack: 0x000000e44d100000,0x000000e44d200000] [id=9820]
  0x000002330ed594b0 ConcurrentGCThread "G1 Refine#0" [stack: 0x000000e44d200000,0x000000e44d300000] [id=18148]
  0x000002332d5c0090 ConcurrentGCThread "G1 Young RemSet Sampling" [stack: 0x000000e44d300000,0x000000e44d400000] [id=16548]

Threads with active compile tasks:
C2 CompilerThread0      989 1375       4       jdk.internal.module.SystemModuleFinders$SystemModuleReader::find (54 bytes)
C1 CompilerThread0      990 1459       3       com.google.common.cache.LocalCache$Segment::getEntry (73 bytes)
C2 CompilerThread1      990 1444  s    4       jdk.internal.jimage.BasicImageReader::findLocation (115 bytes)
C2 CompilerThread2      990 1428       4       jdk.internal.module.SystemModuleFinders$SystemModuleReader::findImageLocation (42 bytes)

VM state: not at safepoint (normal execution)

VM Mutex/Monitor currently owned by a thread: None

Heap address: 0x0000000081800000, size: 2024 MB, Compressed Oops mode: 32-bit
CDS archive(s) mapped at: [0x0000000800000000-0x0000000800b50000-0x0000000800b50000), size 11862016, SharedBaseAddress: 0x0000000800000000, ArchiveRelocationMode: 0.
Compressed class space mapped at: 0x0000000800b50000-0x0000000840b50000, size: 1073741824
Narrow klass base: 0x0000000800000000, Narrow klass shift: 3, Narrow klass range: 0x100000000

GC Precious Log:
 CPUs: 8 total, 8 available
 Memory: 8088M
 Large Page Support: Disabled
 NUMA Support: Disabled
 Compressed Oops: Enabled (32-bit)
 Heap Region Size: 1M
 Heap Min Capacity: 8M
 Heap Initial Capacity: 128M
 Heap Max Capacity: 2024M
 Pre-touch: Disabled
 Parallel Workers: 8
 Concurrent Workers: 2
 Concurrent Refinement Workers: 8
 Periodic GC: Disabled

Heap:
 garbage-first heap   total 131072K, used 23193K [0x0000000081800000, 0x0000000100000000)
  region size 1024K, 23 young (23552K), 3 survivors (3072K)
 Metaspace       used 7504K, capacity 9324K, committed 9600K, reserved 1058816K
  class space    used 869K, capacity 1061K, committed 1152K, reserved 1048576K

Heap Regions: E=young(eden), S=young(survivor), O=old, HS=humongous(starts), HC=humongous(continues), CS=collection set, F=free, OA=open archive, CA=closed archive, TAMS=top-at-mark-start (previous, next)
|   0|0x0000000081800000, 0x00000000818a6600, 0x0000000081900000| 64%| O|  |TAMS 0x0000000081800000, 0x0000000081800000| Untracked 
|   1|0x0000000081900000, 0x0000000081900000, 0x0000000081a00000|  0%| F|  |TAMS 0x0000000081900000, 0x0000000081900000| Untracked 
|   2|0x0000000081a00000, 0x0000000081a00000, 0x0000000081b00000|  0%| F|  |TAMS 0x0000000081a00000, 0x0000000081a00000| Untracked 
|   3|0x0000000081b00000, 0x0000000081b00000, 0x0000000081c00000|  0%| F|  |TAMS 0x0000000081b00000, 0x0000000081b00000| Untracked 
|   4|0x0000000081c00000, 0x0000000081c00000, 0x0000000081d00000|  0%| F|  |TAMS 0x0000000081c00000, 0x0000000081c00000| Untracked 
|   5|0x0000000081d00000, 0x0000000081d00000, 0x0000000081e00000|  0%| F|  |TAMS 0x0000000081d00000, 0x0000000081d00000| Untracked 
|   6|0x0000000081e00000, 0x0000000081e00000, 0x0000000081f00000|  0%| F|  |TAMS 0x0000000081e00000, 0x0000000081e00000| Untracked 
|   7|0x0000000081f00000, 0x0000000081f00000, 0x0000000082000000|  0%| F|  |TAMS 0x0000000081f00000, 0x0000000081f00000| Untracked 
|   8|0x0000000082000000, 0x0000000082000000, 0x0000000082100000|  0%| F|  |TAMS 0x0000000082000000, 0x0000000082000000| Untracked 
|   9|0x0000000082100000, 0x0000000082100000, 0x0000000082200000|  0%| F|  |TAMS 0x0000000082100000, 0x0000000082100000| Untracked 
|  10|0x0000000082200000, 0x0000000082200000, 0x0000000082300000|  0%| F|  |TAMS 0x0000000082200000, 0x0000000082200000| Untracked 
|  11|0x0000000082300000, 0x0000000082300000, 0x0000000082400000|  0%| F|  |TAMS 0x0000000082300000, 0x0000000082300000| Untracked 
|  12|0x0000000082400000, 0x0000000082400000, 0x0000000082500000|  0%| F|  |TAMS 0x0000000082400000, 0x0000000082400000| Untracked 
|  13|0x0000000082500000, 0x0000000082500000, 0x0000000082600000|  0%| F|  |TAMS 0x0000000082500000, 0x0000000082500000| Untracked 
|  14|0x0000000082600000, 0x0000000082600000, 0x0000000082700000|  0%| F|  |TAMS 0x0000000082600000, 0x0000000082600000| Untracked 
|  15|0x0000000082700000, 0x0000000082700000, 0x0000000082800000|  0%| F|  |TAMS 0x0000000082700000, 0x0000000082700000| Untracked 
|  16|0x0000000082800000, 0x0000000082800000, 0x0000000082900000|  0%| F|  |TAMS 0x0000000082800000, 0x0000000082800000| Untracked 
|  17|0x0000000082900000, 0x0000000082900000, 0x0000000082a00000|  0%| F|  |TAMS 0x0000000082900000, 0x0000000082900000| Untracked 
|  18|0x0000000082a00000, 0x0000000082a00000, 0x0000000082b00000|  0%| F|  |TAMS 0x0000000082a00000, 0x0000000082a00000| Untracked 
|  19|0x0000000082b00000, 0x0000000082b00000, 0x0000000082c00000|  0%| F|  |TAMS 0x0000000082b00000, 0x0000000082b00000| Untracked 
|  20|0x0000000082c00000, 0x0000000082c00000, 0x0000000082d00000|  0%| F|  |TAMS 0x0000000082c00000, 0x0000000082c00000| Untracked 
|  21|0x0000000082d00000, 0x0000000082d00000, 0x0000000082e00000|  0%| F|  |TAMS 0x0000000082d00000, 0x0000000082d00000| Untracked 
|  22|0x0000000082e00000, 0x0000000082e00000, 0x0000000082f00000|  0%| F|  |TAMS 0x0000000082e00000, 0x0000000082e00000| Untracked 
|  23|0x0000000082f00000, 0x0000000082f00000, 0x0000000083000000|  0%| F|  |TAMS 0x0000000082f00000, 0x0000000082f00000| Untracked 
|  24|0x0000000083000000, 0x0000000083000000, 0x0000000083100000|  0%| F|  |TAMS 0x0000000083000000, 0x0000000083000000| Untracked 
|  25|0x0000000083100000, 0x0000000083100000, 0x0000000083200000|  0%| F|  |TAMS 0x0000000083100000, 0x0000000083100000| Untracked 
|  26|0x0000000083200000, 0x0000000083200000, 0x0000000083300000|  0%| F|  |TAMS 0x0000000083200000, 0x0000000083200000| Untracked 
|  27|0x0000000083300000, 0x0000000083300000, 0x0000000083400000|  0%| F|  |TAMS 0x0000000083300000, 0x0000000083300000| Untracked 
|  28|0x0000000083400000, 0x0000000083400000, 0x0000000083500000|  0%| F|  |TAMS 0x0000000083400000, 0x0000000083400000| Untracked 
|  29|0x0000000083500000, 0x0000000083500000, 0x0000000083600000|  0%| F|  |TAMS 0x0000000083500000, 0x0000000083500000| Untracked 
|  30|0x0000000083600000, 0x0000000083600000, 0x0000000083700000|  0%| F|  |TAMS 0x0000000083600000, 0x0000000083600000| Untracked 
|  31|0x0000000083700000, 0x0000000083700000, 0x0000000083800000|  0%| F|  |TAMS 0x0000000083700000, 0x0000000083700000| Untracked 
|  32|0x0000000083800000, 0x0000000083800000, 0x0000000083900000|  0%| F|  |TAMS 0x0000000083800000, 0x0000000083800000| Untracked 
|  33|0x0000000083900000, 0x0000000083900000, 0x0000000083a00000|  0%| F|  |TAMS 0x0000000083900000, 0x0000000083900000| Untracked 
|  34|0x0000000083a00000, 0x0000000083a00000, 0x0000000083b00000|  0%| F|  |TAMS 0x0000000083a00000, 0x0000000083a00000| Untracked 
|  35|0x0000000083b00000, 0x0000000083b00000, 0x0000000083c00000|  0%| F|  |TAMS 0x0000000083b00000, 0x0000000083b00000| Untracked 
|  36|0x0000000083c00000, 0x0000000083c00000, 0x0000000083d00000|  0%| F|  |TAMS 0x0000000083c00000, 0x0000000083c00000| Untracked 
|  37|0x0000000083d00000, 0x0000000083d00000, 0x0000000083e00000|  0%| F|  |TAMS 0x0000000083d00000, 0x0000000083d00000| Untracked 
|  38|0x0000000083e00000, 0x0000000083e00000, 0x0000000083f00000|  0%| F|  |TAMS 0x0000000083e00000, 0x0000000083e00000| Untracked 
|  39|0x0000000083f00000, 0x0000000083f00000, 0x0000000084000000|  0%| F|  |TAMS 0x0000000083f00000, 0x0000000083f00000| Untracked 
|  40|0x0000000084000000, 0x0000000084000000, 0x0000000084100000|  0%| F|  |TAMS 0x0000000084000000, 0x0000000084000000| Untracked 
|  41|0x0000000084100000, 0x0000000084100000, 0x0000000084200000|  0%| F|  |TAMS 0x0000000084100000, 0x0000000084100000| Untracked 
|  42|0x0000000084200000, 0x0000000084200000, 0x0000000084300000|  0%| F|  |TAMS 0x0000000084200000, 0x0000000084200000| Untracked 
|  43|0x0000000084300000, 0x0000000084300000, 0x0000000084400000|  0%| F|  |TAMS 0x0000000084300000, 0x0000000084300000| Untracked 
|  44|0x0000000084400000, 0x0000000084400000, 0x0000000084500000|  0%| F|  |TAMS 0x0000000084400000, 0x0000000084400000| Untracked 
|  45|0x0000000084500000, 0x0000000084500000, 0x0000000084600000|  0%| F|  |TAMS 0x0000000084500000, 0x0000000084500000| Untracked 
|  46|0x0000000084600000, 0x0000000084600000, 0x0000000084700000|  0%| F|  |TAMS 0x0000000084600000, 0x0000000084600000| Untracked 
|  47|0x0000000084700000, 0x0000000084700000, 0x0000000084800000|  0%| F|  |TAMS 0x0000000084700000, 0x0000000084700000| Untracked 
|  48|0x0000000084800000, 0x0000000084800000, 0x0000000084900000|  0%| F|  |TAMS 0x0000000084800000, 0x0000000084800000| Untracked 
|  49|0x0000000084900000, 0x0000000084900000, 0x0000000084a00000|  0%| F|  |TAMS 0x0000000084900000, 0x0000000084900000| Untracked 
|  50|0x0000000084a00000, 0x0000000084a00000, 0x0000000084b00000|  0%| F|  |TAMS 0x0000000084a00000, 0x0000000084a00000| Untracked 
|  51|0x0000000084b00000, 0x0000000084b00000, 0x0000000084c00000|  0%| F|  |TAMS 0x0000000084b00000, 0x0000000084b00000| Untracked 
|  52|0x0000000084c00000, 0x0000000084c00000, 0x0000000084d00000|  0%| F|  |TAMS 0x0000000084c00000, 0x0000000084c00000| Untracked 
|  53|0x0000000084d00000, 0x0000000084d00000, 0x0000000084e00000|  0%| F|  |TAMS 0x0000000084d00000, 0x0000000084d00000| Untracked 
|  54|0x0000000084e00000, 0x0000000084e00000, 0x0000000084f00000|  0%| F|  |TAMS 0x0000000084e00000, 0x0000000084e00000| Untracked 
|  55|0x0000000084f00000, 0x0000000084f00000, 0x0000000085000000|  0%| F|  |TAMS 0x0000000084f00000, 0x0000000084f00000| Untracked 
|  56|0x0000000085000000, 0x0000000085000000, 0x0000000085100000|  0%| F|  |TAMS 0x0000000085000000, 0x0000000085000000| Untracked 
|  57|0x0000000085100000, 0x0000000085100000, 0x0000000085200000|  0%| F|  |TAMS 0x0000000085100000, 0x0000000085100000| Untracked 
|  58|0x0000000085200000, 0x0000000085200000, 0x0000000085300000|  0%| F|  |TAMS 0x0000000085200000, 0x0000000085200000| Untracked 
|  59|0x0000000085300000, 0x0000000085300000, 0x0000000085400000|  0%| F|  |TAMS 0x0000000085300000, 0x0000000085300000| Untracked 
|  60|0x0000000085400000, 0x0000000085400000, 0x0000000085500000|  0%| F|  |TAMS 0x0000000085400000, 0x0000000085400000| Untracked 
|  61|0x0000000085500000, 0x0000000085500000, 0x0000000085600000|  0%| F|  |TAMS 0x0000000085500000, 0x0000000085500000| Untracked 
|  62|0x0000000085600000, 0x0000000085600000, 0x0000000085700000|  0%| F|  |TAMS 0x0000000085600000, 0x0000000085600000| Untracked 
|  63|0x0000000085700000, 0x0000000085700000, 0x0000000085800000|  0%| F|  |TAMS 0x0000000085700000, 0x0000000085700000| Untracked 
|  64|0x0000000085800000, 0x0000000085800000, 0x0000000085900000|  0%| F|  |TAMS 0x0000000085800000, 0x0000000085800000| Untracked 
|  65|0x0000000085900000, 0x0000000085900000, 0x0000000085a00000|  0%| F|  |TAMS 0x0000000085900000, 0x0000000085900000| Untracked 
|  66|0x0000000085a00000, 0x0000000085a00000, 0x0000000085b00000|  0%| F|  |TAMS 0x0000000085a00000, 0x0000000085a00000| Untracked 
|  67|0x0000000085b00000, 0x0000000085b00000, 0x0000000085c00000|  0%| F|  |TAMS 0x0000000085b00000, 0x0000000085b00000| Untracked 
|  68|0x0000000085c00000, 0x0000000085c00000, 0x0000000085d00000|  0%| F|  |TAMS 0x0000000085c00000, 0x0000000085c00000| Untracked 
|  69|0x0000000085d00000, 0x0000000085d00000, 0x0000000085e00000|  0%| F|  |TAMS 0x0000000085d00000, 0x0000000085d00000| Untracked 
|  70|0x0000000085e00000, 0x0000000085e00000, 0x0000000085f00000|  0%| F|  |TAMS 0x0000000085e00000, 0x0000000085e00000| Untracked 
|  71|0x0000000085f00000, 0x0000000085f00000, 0x0000000086000000|  0%| F|  |TAMS 0x0000000085f00000, 0x0000000085f00000| Untracked 
|  72|0x0000000086000000, 0x0000000086000000, 0x0000000086100000|  0%| F|  |TAMS 0x0000000086000000, 0x0000000086000000| Untracked 
|  73|0x0000000086100000, 0x0000000086100000, 0x0000000086200000|  0%| F|  |TAMS 0x0000000086100000, 0x0000000086100000| Untracked 
|  74|0x0000000086200000, 0x0000000086200000, 0x0000000086300000|  0%| F|  |TAMS 0x0000000086200000, 0x0000000086200000| Untracked 
|  75|0x0000000086300000, 0x0000000086300000, 0x0000000086400000|  0%| F|  |TAMS 0x0000000086300000, 0x0000000086300000| Untracked 
|  76|0x0000000086400000, 0x0000000086400000, 0x0000000086500000|  0%| F|  |TAMS 0x0000000086400000, 0x0000000086400000| Untracked 
|  77|0x0000000086500000, 0x0000000086500000, 0x0000000086600000|  0%| F|  |TAMS 0x0000000086500000, 0x0000000086500000| Untracked 
|  78|0x0000000086600000, 0x0000000086600000, 0x0000000086700000|  0%| F|  |TAMS 0x0000000086600000, 0x0000000086600000| Untracked 
|  79|0x0000000086700000, 0x0000000086700000, 0x0000000086800000|  0%| F|  |TAMS 0x0000000086700000, 0x0000000086700000| Untracked 
|  80|0x0000000086800000, 0x0000000086800000, 0x0000000086900000|  0%| F|  |TAMS 0x0000000086800000, 0x0000000086800000| Untracked 
|  81|0x0000000086900000, 0x0000000086900000, 0x0000000086a00000|  0%| F|  |TAMS 0x0000000086900000, 0x0000000086900000| Untracked 
|  82|0x0000000086a00000, 0x0000000086a00000, 0x0000000086b00000|  0%| F|  |TAMS 0x0000000086a00000, 0x0000000086a00000| Untracked 
|  83|0x0000000086b00000, 0x0000000086b00000, 0x0000000086c00000|  0%| F|  |TAMS 0x0000000086b00000, 0x0000000086b00000| Untracked 
|  84|0x0000000086c00000, 0x0000000086c00000, 0x0000000086d00000|  0%| F|  |TAMS 0x0000000086c00000, 0x0000000086c00000| Untracked 
|  85|0x0000000086d00000, 0x0000000086d00000, 0x0000000086e00000|  0%| F|  |TAMS 0x0000000086d00000, 0x0000000086d00000| Untracked 
|  86|0x0000000086e00000, 0x0000000086e00000, 0x0000000086f00000|  0%| F|  |TAMS 0x0000000086e00000, 0x0000000086e00000| Untracked 
|  87|0x0000000086f00000, 0x0000000086f00000, 0x0000000087000000|  0%| F|  |TAMS 0x0000000086f00000, 0x0000000086f00000| Untracked 
|  88|0x0000000087000000, 0x0000000087000000, 0x0000000087100000|  0%| F|  |TAMS 0x0000000087000000, 0x0000000087000000| Untracked 
|  89|0x0000000087100000, 0x0000000087100000, 0x0000000087200000|  0%| F|  |TAMS 0x0000000087100000, 0x0000000087100000| Untracked 
|  90|0x0000000087200000, 0x0000000087200000, 0x0000000087300000|  0%| F|  |TAMS 0x0000000087200000, 0x0000000087200000| Untracked 
|  91|0x0000000087300000, 0x0000000087300000, 0x0000000087400000|  0%| F|  |TAMS 0x0000000087300000, 0x0000000087300000| Untracked 
|  92|0x0000000087400000, 0x0000000087400000, 0x0000000087500000|  0%| F|  |TAMS 0x0000000087400000, 0x0000000087400000| Untracked 
|  93|0x0000000087500000, 0x0000000087500000, 0x0000000087600000|  0%| F|  |TAMS 0x0000000087500000, 0x0000000087500000| Untracked 
|  94|0x0000000087600000, 0x0000000087600000, 0x0000000087700000|  0%| F|  |TAMS 0x0000000087600000, 0x0000000087600000| Untracked 
|  95|0x0000000087700000, 0x0000000087700000, 0x0000000087800000|  0%| F|  |TAMS 0x0000000087700000, 0x0000000087700000| Untracked 
|  96|0x0000000087800000, 0x0000000087800000, 0x0000000087900000|  0%| F|  |TAMS 0x0000000087800000, 0x0000000087800000| Untracked 
|  97|0x0000000087900000, 0x0000000087900000, 0x0000000087a00000|  0%| F|  |TAMS 0x0000000087900000, 0x0000000087900000| Untracked 
|  98|0x0000000087a00000, 0x0000000087a00000, 0x0000000087b00000|  0%| F|  |TAMS 0x0000000087a00000, 0x0000000087a00000| Untracked 
|  99|0x0000000087b00000, 0x0000000087b00000, 0x0000000087c00000|  0%| F|  |TAMS 0x0000000087b00000, 0x0000000087b00000| Untracked 
| 100|0x0000000087c00000, 0x0000000087c00000, 0x0000000087d00000|  0%| F|  |TAMS 0x0000000087c00000, 0x0000000087c00000| Untracked 
| 101|0x0000000087d00000, 0x0000000087d00000, 0x0000000087e00000|  0%| F|  |TAMS 0x0000000087d00000, 0x0000000087d00000| Untracked 
| 102|0x0000000087e00000, 0x0000000087f00000, 0x0000000087f00000|100%| S|CS|TAMS 0x0000000087e00000, 0x0000000087e00000| Complete 
| 103|0x0000000087f00000, 0x0000000088000000, 0x0000000088000000|100%| S|CS|TAMS 0x0000000087f00000, 0x0000000087f00000| Complete 
| 104|0x0000000088000000, 0x0000000088100000, 0x0000000088100000|100%| S|CS|TAMS 0x0000000088000000, 0x0000000088000000| Complete 
| 105|0x0000000088100000, 0x0000000088100000, 0x0000000088200000|  0%| F|  |TAMS 0x0000000088100000, 0x0000000088100000| Untracked 
| 106|0x0000000088200000, 0x0000000088200000, 0x0000000088300000|  0%| F|  |TAMS 0x0000000088200000, 0x0000000088200000| Untracked 
| 107|0x0000000088300000, 0x0000000088300000, 0x0000000088400000|  0%| F|  |TAMS 0x0000000088300000, 0x0000000088300000| Untracked 
| 108|0x0000000088400000, 0x0000000088480800, 0x0000000088500000| 50%| E|  |TAMS 0x0000000088400000, 0x0000000088400000| Complete 
| 109|0x0000000088500000, 0x0000000088600000, 0x0000000088600000|100%| E|CS|TAMS 0x0000000088500000, 0x0000000088500000| Complete 
| 110|0x0000000088600000, 0x0000000088700000, 0x0000000088700000|100%| E|CS|TAMS 0x0000000088600000, 0x0000000088600000| Complete 
| 111|0x0000000088700000, 0x0000000088800000, 0x0000000088800000|100%| E|CS|TAMS 0x0000000088700000, 0x0000000088700000| Complete 
| 112|0x0000000088800000, 0x0000000088900000, 0x0000000088900000|100%| E|CS|TAMS 0x0000000088800000, 0x0000000088800000| Complete 
| 113|0x0000000088900000, 0x0000000088a00000, 0x0000000088a00000|100%| E|CS|TAMS 0x0000000088900000, 0x0000000088900000| Complete 
| 114|0x0000000088a00000, 0x0000000088b00000, 0x0000000088b00000|100%| E|CS|TAMS 0x0000000088a00000, 0x0000000088a00000| Complete 
| 115|0x0000000088b00000, 0x0000000088c00000, 0x0000000088c00000|100%| E|CS|TAMS 0x0000000088b00000, 0x0000000088b00000| Complete 
| 116|0x0000000088c00000, 0x0000000088d00000, 0x0000000088d00000|100%| E|CS|TAMS 0x0000000088c00000, 0x0000000088c00000| Complete 
| 117|0x0000000088d00000, 0x0000000088e00000, 0x0000000088e00000|100%| E|CS|TAMS 0x0000000088d00000, 0x0000000088d00000| Complete 
| 118|0x0000000088e00000, 0x0000000088f00000, 0x0000000088f00000|100%| E|CS|TAMS 0x0000000088e00000, 0x0000000088e00000| Complete 
| 119|0x0000000088f00000, 0x0000000089000000, 0x0000000089000000|100%| E|CS|TAMS 0x0000000088f00000, 0x0000000088f00000| Complete 
| 120|0x0000000089000000, 0x0000000089100000, 0x0000000089100000|100%| E|CS|TAMS 0x0000000089000000, 0x0000000089000000| Complete 
| 121|0x0000000089100000, 0x0000000089200000, 0x0000000089200000|100%| E|CS|TAMS 0x0000000089100000, 0x0000000089100000| Complete 
| 122|0x0000000089200000, 0x0000000089300000, 0x0000000089300000|100%| E|CS|TAMS 0x0000000089200000, 0x0000000089200000| Complete 
| 123|0x0000000089300000, 0x0000000089400000, 0x0000000089400000|100%| E|CS|TAMS 0x0000000089300000, 0x0000000089300000| Complete 
| 124|0x0000000089400000, 0x0000000089500000, 0x0000000089500000|100%| E|CS|TAMS 0x0000000089400000, 0x0000000089400000| Complete 
| 125|0x0000000089500000, 0x0000000089600000, 0x0000000089600000|100%| E|CS|TAMS 0x0000000089500000, 0x0000000089500000| Complete 
| 126|0x0000000089600000, 0x0000000089700000, 0x0000000089700000|100%| E|CS|TAMS 0x0000000089600000, 0x0000000089600000| Complete 
| 127|0x0000000089700000, 0x0000000089800000, 0x0000000089800000|100%| E|CS|TAMS 0x0000000089700000, 0x0000000089700000| Complete 

Card table byte_map: [0x00000233265f0000,0x00000233269f0000] _byte_map_base: 0x00000233261e4000

Marking Bits (Prev, Next): (CMBitMap*) 0x000002330ecc6700, (CMBitMap*) 0x000002330ecc6740
 Prev Bits: [0x0000023326df0000, 0x0000023328d90000)
 Next Bits: [0x0000023328d90000, 0x000002332ad30000)

Polling page: 0x000002330e460000

Metaspace:

Usage:
  Non-class:      8.07 MB capacity,     6.50 MB ( 81%) used,     1.56 MB ( 19%) free+waste,     6.81 KB ( <1%) overhead. 
      Class:      1.04 MB capacity,   870.38 KB ( 82%) used,   187.55 KB ( 18%) free+waste,     3.06 KB ( <1%) overhead. 
       Both:      9.11 MB capacity,     7.35 MB ( 81%) used,     1.75 MB ( 19%) free+waste,     9.88 KB ( <1%) overhead. 

Virtual space:
  Non-class space:       10.00 MB reserved,       8.25 MB ( 82%) committed 
      Class space:        1.00 GB reserved,       1.12 MB ( <1%) committed 
             Both:        1.01 GB reserved,       9.38 MB ( <1%) committed 

Chunk freelists:
   Non-Class:  57.00 KB
       Class:  27.00 KB
        Both:  84.00 KB

MaxMetaspaceSize: 17179869184.00 GB
CompressedClassSpaceSize: 1.00 GB

CodeHeap 'non-profiled nmethods': size=120000Kb used=588Kb max_used=588Kb free=119411Kb
 bounds [0x000002331e990000, 0x000002331ec00000, 0x0000023325ec0000]
CodeHeap 'profiled nmethods': size=120000Kb used=2696Kb max_used=2696Kb free=117303Kb
 bounds [0x0000023317460000, 0x0000023317710000, 0x000002331e990000]
CodeHeap 'non-nmethods': size=5760Kb used=1160Kb max_used=1229Kb free=4599Kb
 bounds [0x0000023316ec0000, 0x0000023317130000, 0x0000023317460000]
 total_blobs=1871 nmethods=1455 adapters=329
 compilation: enabled
              stopped_count=0, restarted_count=0
 full_count=0

Compilation events (20 events):
Event: 0.926 Thread 0x000002332d792270 nmethod 1425 0x00000233176efe90 code [0x00000233176f0040, 0x00000233176f0358]
Event: 0.926 Thread 0x000002332d792270 1426       3       jdk.internal.org.objectweb.asm.MethodWriter::computeMethodInfoSize (571 bytes)
Event: 0.927 Thread 0x000002332ea5f5f0 1428       4       jdk.internal.module.SystemModuleFinders$SystemModuleReader::findImageLocation (42 bytes)
Event: 0.928 Thread 0x000002332d792270 nmethod 1426 0x00000233176f0490 code [0x00000233176f07c0, 0x00000233176f16c8]
Event: 0.931 Thread 0x000002332d792270 1429       3       jdk.internal.loader.AbstractClassLoaderValue$Sub::hashCode (19 bytes)
Event: 0.931 Thread 0x000002332d792270 nmethod 1429 0x00000233176f1d90 code [0x00000233176f1f60, 0x00000233176f22d8]
Event: 0.931 Thread 0x000002332d792270 1430       3       com.google.common.cache.LocalCache::recordsAccess (5 bytes)
Event: 0.931 Thread 0x000002332d792270 nmethod 1430 0x00000233176f2410 code [0x00000233176f25c0, 0x00000233176f2798]
Event: 0.931 Thread 0x000002332d792270 1432       3       java.nio.HeapCharBuffer::<init> (21 bytes)
Event: 0.932 Thread 0x000002332d792270 nmethod 1432 0x00000233176f2890 code [0x00000233176f2a40, 0x00000233176f2c68]
Event: 0.932 Thread 0x000002332d792270 1433       3       sun.nio.cs.ThreadLocalCoders$Cache::forName (108 bytes)
Event: 0.932 Thread 0x000002332d792270 nmethod 1433 0x00000233176f2d90 code [0x00000233176f2fc0, 0x00000233176f3a18]
Event: 0.932 Thread 0x000002332d792270 1434       3       java.util.Locale::getLanguage (8 bytes)
Event: 0.933 Thread 0x000002332d792270 nmethod 1434 0x00000233176f3c90 code [0x00000233176f3e20, 0x00000233176f3f38]
Event: 0.933 Thread 0x000002332d792270 1431       3       com.google.common.cache.LocalCache::refreshes (15 bytes)
Event: 0.933 Thread 0x000002332d792270 nmethod 1431 0x00000233176f4010 code [0x00000233176f41a0, 0x00000233176f4318]
Event: 0.933 Thread 0x000002332d792270 1435       1       java.util.zip.ZipFile$ZipFileInputStream::size (5 bytes)
Event: 0.933 Thread 0x000002332d792270 nmethod 1435 0x000002331ea1f110 code [0x000002331ea1f2a0, 0x000002331ea1f358]
Event: 0.935 Thread 0x000002332d792270 1436       3       java.lang.invoke.VarForm::getMemberName (21 bytes)
Event: 0.936 Thread 0x000002332d792270 nmethod 1436 0x00000233176f4390 code [0x00000233176f4540, 0x00000233176f4788]

GC Heap History (2 events):
Event: 0.593 GC heap before
{Heap before GC invocations=0 (full 0):
 garbage-first heap   total 131072K, used 22528K [0x0000000081800000, 0x0000000100000000)
  region size 1024K, 23 young (23552K), 0 survivors (0K)
 Metaspace       used 5869K, capacity 8052K, committed 8064K, reserved 1056768K
  class space    used 684K, capacity 896K, committed 896K, reserved 1048576K
}
Event: 0.600 GC heap after
{Heap after GC invocations=1 (full 0):
 garbage-first heap   total 131072K, used 3737K [0x0000000081800000, 0x0000000100000000)
  region size 1024K, 3 young (3072K), 3 survivors (3072K)
 Metaspace       used 5869K, capacity 8052K, committed 8064K, reserved 1056768K
  class space    used 684K, capacity 896K, committed 896K, reserved 1048576K
}

Deoptimization events (20 events):
Event: 0.546 Thread 0x000002330ec89910 DEOPT PACKING pc=0x000002331e9be1fc sp=0x000000e44cefde50
Event: 0.546 Thread 0x000002330ec89910 DEOPT UNPACKING pc=0x0000023316f0e42f sp=0x000000e44cefdde0 mode 2
Event: 0.568 Thread 0x000002330ec89910 DEOPT PACKING pc=0x00000233174eabd5 sp=0x000000e44cefdb80
Event: 0.568 Thread 0x000002330ec89910 DEOPT UNPACKING pc=0x0000023316f0e23f sp=0x000000e44cefd000 mode 0
Event: 0.616 Thread 0x000002330ec89910 DEOPT PACKING pc=0x000002331763b992 sp=0x000000e44cefdad0
Event: 0.616 Thread 0x000002330ec89910 DEOPT UNPACKING pc=0x0000023316f0e23f sp=0x000000e44cefcf88 mode 0
Event: 0.624 Thread 0x000002330ec89910 DEOPT PACKING pc=0x000002331763b992 sp=0x000000e44cefdc90
Event: 0.624 Thread 0x000002330ec89910 DEOPT UNPACKING pc=0x0000023316f0e23f sp=0x000000e44cefd148 mode 0
Event: 0.629 Thread 0x000002330ec89910 DEOPT PACKING pc=0x000002331763b992 sp=0x000000e44cefdb10
Event: 0.629 Thread 0x000002330ec89910 DEOPT UNPACKING pc=0x0000023316f0e23f sp=0x000000e44cefcfc8 mode 0
Event: 0.690 Thread 0x000002330ec89910 Uncommon trap: trap_request=0xffffff45 fr.pc=0x000002331e9be1b8 relative=0x0000000000000a38
Event: 0.690 Thread 0x000002330ec89910 Uncommon trap: reason=unstable_if action=reinterpret pc=0x000002331e9be1b8 method=java.util.HashMap.putVal(ILjava/lang/Object;Ljava/lang/Object;ZZ)Ljava/lang/Object; @ 181 c2
Event: 0.690 Thread 0x000002330ec89910 DEOPT PACKING pc=0x000002331e9be1b8 sp=0x000000e44cefdb70
Event: 0.690 Thread 0x000002330ec89910 DEOPT UNPACKING pc=0x0000023316f0e42f sp=0x000000e44cefdb00 mode 2
Event: 0.823 Thread 0x000002330ec89910 Uncommon trap: trap_request=0xffffff45 fr.pc=0x000002331ea0efdc relative=0x00000000000004bc
Event: 0.823 Thread 0x000002330ec89910 Uncommon trap: reason=unstable_if action=reinterpret pc=0x000002331ea0efdc method=java.lang.String.<init>([CIILjava/lang/Void;)V @ 5 c2
Event: 0.823 Thread 0x000002330ec89910 DEOPT PACKING pc=0x000002331ea0efdc sp=0x000000e44cefdbf0
Event: 0.823 Thread 0x000002330ec89910 DEOPT UNPACKING pc=0x0000023316f0e42f sp=0x000000e44cefda88 mode 2
Event: 0.866 Thread 0x000002330ec89910 DEOPT PACKING pc=0x000002331763f80e sp=0x000000e44cefdd10
Event: 0.866 Thread 0x000002330ec89910 DEOPT UNPACKING pc=0x0000023316f0e23f sp=0x000000e44cefd180 mode 0

Classes unloaded (0 events):
No events

Classes redefined (0 events):
No events

Internal exceptions (20 events):
Event: 0.166 Thread 0x000002330ec89910 Exception <a 'java/lang/NullPointerException'{0x00000000893c77c0}> (0x00000000893c77c0) 
thrown [./open/src/hotspot/share/interpreter/linkResolver.cpp, line 1374]
Event: 0.166 Thread 0x000002330ec89910 Exception <a 'java/lang/NullPointerException'{0x00000000893c7a98}> (0x00000000893c7a98) 
thrown [./open/src/hotspot/share/interpreter/linkResolver.cpp, line 1374]
Event: 0.170 Thread 0x000002330ec89910 Exception <a 'sun/nio/fs/WindowsException'{0x00000000893f5848}> (0x00000000893f5848) 
thrown [./open/src/hotspot/share/prims/jni.cpp, line 578]
Event: 0.171 Thread 0x000002330ec89910 Exception <a 'sun/nio/fs/WindowsException'{0x00000000893f5f90}> (0x00000000893f5f90) 
thrown [./open/src/hotspot/share/prims/jni.cpp, line 578]
Event: 0.171 Thread 0x000002330ec89910 Exception <a 'sun/nio/fs/WindowsException'{0x00000000893f6510}> (0x00000000893f6510) 
thrown [./open/src/hotspot/share/prims/jni.cpp, line 578]
Event: 0.171 Thread 0x000002330ec89910 Exception <a 'sun/nio/fs/WindowsException'{0x00000000893f6a70}> (0x00000000893f6a70) 
thrown [./open/src/hotspot/share/prims/jni.cpp, line 578]
Event: 0.171 Thread 0x000002330ec89910 Exception <a 'sun/nio/fs/WindowsException'{0x00000000893f6f80}> (0x00000000893f6f80) 
thrown [./open/src/hotspot/share/prims/jni.cpp, line 578]
Event: 0.171 Thread 0x000002330ec89910 Exception <a 'sun/nio/fs/WindowsException'{0x00000000893f7448}> (0x00000000893f7448) 
thrown [./open/src/hotspot/share/prims/jni.cpp, line 578]
Event: 0.186 Thread 0x000002330ec89910 Exception <a 'java/lang/NoSuchMethodError'{0x000000008927a228}: 'void java.lang.invoke.DirectMethodHandle$Holder.invokeStatic(java.lang.Object, java.lang.Object, java.lang.Object)'> (0x000000008927a228) 
thrown [./open/src/hotspot/share/interpreter/linkResolver.cpp, line 782]
Event: 0.195 Thread 0x000002330ec89910 Exception <a 'java/lang/NoSuchMethodError'{0x00000000892daef0}: 'int java.lang.invoke.DirectMethodHandle$Holder.invokeStatic(java.lang.Object, java.lang.Object, int)'> (0x00000000892daef0) 
thrown [./open/src/hotspot/share/interpreter/linkResolver.cpp, line 782]
Event: 0.249 Thread 0x000002330ec89910 Exception <a 'java/lang/NoSuchMethodError'{0x0000000089070730}: 'java.lang.Object java.lang.invoke.DirectMethodHandle$Holder.invokeSpecialIFC(java.lang.Object, java.lang.Object, java.lang.Object, java.lang.Object)'> (0x0000000089070730) 
thrown [./open/src/hotspot/share/interpreter/linkResolver.cpp, line 782]
Event: 0.343 Thread 0x000002330ec89910 Exception <a 'java/lang/NoSuchMethodError'{0x0000000088dc6ea8}: 'void java.lang.invoke.DirectMethodHandle$Holder.invokeSpecial(java.lang.Object, java.lang.Object, java.lang.Object)'> (0x0000000088dc6ea8) 
thrown [./open/src/hotspot/share/interpreter/linkResolver.cpp, line 782]
Event: 0.426 Thread 0x000002330ec89910 Exception <a 'java/lang/NoSuchMethodError'{0x00000000889a3720}: 'java.lang.Object java.lang.invoke.DirectMethodHandle$Holder.invokeInterface(java.lang.Object, java.lang.Object)'> (0x00000000889a3720) 
thrown [./open/src/hotspot/share/interpreter/linkResolver.cpp, line 782]
Event: 0.439 Thread 0x000002330ec89910 Exception <a 'java/lang/NoSuchMethodError'{0x000000008884fca0}: 'java.lang.Object java.lang.invoke.Invokers$Holder.invokeExact_MT(java.lang.Object, java.lang.Object, java.lang.Object, java.lang.Object, java.lang.Object, java.lang.Object)'> (0x000000008884fca0) 
thrown [./open/src/hotspot/share/interpreter/linkResolver.cpp, line 782]
Event: 0.441 Thread 0x000002330ec89910 Exception <a 'java/lang/NoSuchMethodError'{0x0000000088861c70}: 'int java.lang.invoke.DirectMethodHandle$Holder.invokeSpecialIFC(java.lang.Object, java.lang.Object, java.lang.Object, java.lang.Object, java.lang.Object)'> (0x0000000088861c70) 
thrown [./open/src/hotspot/share/interpreter/linkResolver.cpp, line 782]
Event: 0.482 Thread 0x000002330ec89910 Exception <a 'java/lang/NoSuchMethodError'{0x0000000088602b20}: 'java.lang.Object java.lang.invoke.DirectMethodHandle$Holder.newInvokeSpecial(java.lang.Object, java.lang.Object, java.lang.Object, java.lang.Object, java.lang.Object)'> (0x0000000088602b20) 
thrown [./open/src/hotspot/share/interpreter/linkResolver.cpp, line 782]
Event: 0.511 Thread 0x000002330ec89910 Exception <a 'java/lang/NoSuchMethodError'{0x0000000088506ff8}: 'int java.lang.invoke.DirectMethodHandle$Holder.invokeStaticInit(java.lang.Object, java.lang.Object)'> (0x0000000088506ff8) 
thrown [./open/src/hotspot/share/interpreter/linkResolver.cpp, line 782]
Event: 0.522 Thread 0x000002330ec89910 Exception <a 'java/lang/NoClassDefFoundError'{0x000000008853fc60}: javax/enterprise/inject/Typed> (0x000000008853fc60) 
thrown [./open/src/hotspot/share/classfile/systemDictionary.cpp, line 284]
Event: 0.766 Thread 0x000002330ec89910 Exception <a 'java/lang/NoSuchMethodError'{0x00000000890921c8}: 'java.lang.Object java.lang.invoke.DirectMethodHandle$Holder.invokeStatic(java.lang.Object)'> (0x00000000890921c8) 
thrown [./open/src/hotspot/share/interpreter/linkResolver.cpp, line 782]
Event: 0.766 Thread 0x000002330ec89910 Exception <a 'java/lang/NoSuchMethodError'{0x0000000089095ae0}: 'java.lang.Object java.lang.invoke.DirectMethodHandle$Holder.invokeStaticInit(java.lang.Object)'> (0x0000000089095ae0) 
thrown [./open/src/hotspot/share/interpreter/linkResolver.cpp, line 782]

Events (20 events):
Event: 0.758 loading class jdk/internal/reflect/UTF8
Event: 0.758 loading class jdk/internal/reflect/UTF8 done
Event: 0.758 loading class jdk/internal/reflect/Label
Event: 0.758 loading class jdk/internal/reflect/Label done
Event: 0.758 loading class jdk/internal/reflect/Label$PatchInfo
Event: 0.758 loading class jdk/internal/reflect/Label$PatchInfo done
Event: 0.758 loading class jdk/internal/reflect/MethodAccessorGenerator$1
Event: 0.758 loading class jdk/internal/reflect/MethodAccessorGenerator$1 done
Event: 0.759 loading class jdk/internal/reflect/ClassDefiner
Event: 0.759 loading class jdk/internal/reflect/ClassDefiner done
Event: 0.759 loading class jdk/internal/reflect/ClassDefiner$1
Event: 0.759 loading class jdk/internal/reflect/ClassDefiner$1 done
Event: 0.759 loading class jdk/internal/reflect/BootstrapConstructorAccessorImpl
Event: 0.759 loading class jdk/internal/reflect/BootstrapConstructorAccessorImpl done
Event: 0.769 Executing VM operation: ICBufferFull
Event: 0.769 Executing VM operation: ICBufferFull done
Event: 0.770 Executing VM operation: ICBufferFull
Event: 0.770 Executing VM operation: ICBufferFull done
Event: 0.924 loading class java/lang/Deprecated
Event: 0.924 loading class java/lang/Deprecated done


Dynamic libraries:
0x00007ff6f75d0000 - 0x00007ff6f75df000 	C:\Program Files\Java\jdk-15\bin\java.exe
0x00007fff82090000 - 0x00007fff82288000 	C:\Windows\SYSTEM32\ntdll.dll
0x00007fff80690000 - 0x00007fff8074d000 	C:\Windows\System32\KERNEL32.DLL
0x00007fff7f9b0000 - 0x00007fff7fca6000 	C:\Windows\System32\KERNELBASE.dll
0x00007fff7fce0000 - 0x00007fff7fde0000 	C:\Windows\System32\ucrtbase.dll
0x00007fff76240000 - 0x00007fff76259000 	C:\Program Files\Java\jdk-15\bin\VCRUNTIME140.dll
0x00007fff4c1c0000 - 0x00007fff4c1d8000 	C:\Program Files\Java\jdk-15\bin\jli.dll
0x00007fff80410000 - 0x00007fff804bf000 	C:\Windows\System32\ADVAPI32.dll
0x00007fff80160000 - 0x00007fff801fe000 	C:\Windows\System32\msvcrt.dll
0x00007fff81a60000 - 0x00007fff81afc000 	C:\Windows\System32\sechost.dll
0x00007fff80210000 - 0x00007fff80336000 	C:\Windows\System32\RPCRT4.dll
0x00007fff81280000 - 0x00007fff8141e000 	C:\Windows\System32\USER32.dll
0x00007fff7f770000 - 0x00007fff7f792000 	C:\Windows\System32\win32u.dll
0x00007fff65ce0000 - 0x00007fff65f7a000 	C:\Windows\WinSxS\amd64_microsoft.windows.common-controls_6595b64144ccf1df_6.0.19041.3636_none_60b6a03d71f818d5\COMCTL32.dll
0x00007fff80580000 - 0x00007fff805ac000 	C:\Windows\System32\GDI32.dll
0x00007fff7fe30000 - 0x00007fff7ff4a000 	C:\Windows\System32\gdi32full.dll
0x00007fff7ff50000 - 0x00007fff7ffed000 	C:\Windows\System32\msvcp_win.dll
0x00007fff790b0000 - 0x00007fff790ba000 	C:\Windows\SYSTEM32\VERSION.dll
0x00007fff80550000 - 0x00007fff80580000 	C:\Windows\System32\IMM32.DLL
0x00007fff5ceb0000 - 0x00007fff5cebc000 	C:\Program Files\Java\jdk-15\bin\vcruntime140_1.dll
0x00007fff28220000 - 0x00007fff282b1000 	C:\Program Files\Java\jdk-15\bin\msvcp140.dll
0x00007fff269a0000 - 0x00007fff274fc000 	C:\Program Files\Java\jdk-15\bin\server\jvm.dll
0x00007fff80200000 - 0x00007fff80208000 	C:\Windows\System32\PSAPI.DLL
0x00007fff76260000 - 0x00007fff76269000 	C:\Windows\SYSTEM32\WSOCK32.dll
0x00007fff586e0000 - 0x00007fff58707000 	C:\Windows\SYSTEM32\WINMM.dll
0x00007fff81550000 - 0x00007fff815bb000 	C:\Windows\System32\WS2_32.dll
0x00007fff7d510000 - 0x00007fff7d522000 	C:\Windows\SYSTEM32\kernel.appcore.dll
0x00007fff5ce10000 - 0x00007fff5ce1a000 	C:\Program Files\Java\jdk-15\bin\jimage.dll
0x00007fff79850000 - 0x00007fff79a34000 	C:\Windows\SYSTEM32\DBGHELP.DLL
0x00007fff5e9d0000 - 0x00007fff5ea04000 	C:\Windows\SYSTEM32\dbgcore.DLL
0x00007fff7fff0000 - 0x00007fff80072000 	C:\Windows\System32\bcryptPrimitives.dll
0x00007fff3f5a0000 - 0x00007fff3f5c5000 	C:\Program Files\Java\jdk-15\bin\java.dll
0x00007fff80a10000 - 0x00007fff81154000 	C:\Windows\System32\SHELL32.dll
0x00007fff7d7f0000 - 0x00007fff7df8b000 	C:\Windows\SYSTEM32\windows.storage.dll
0x00007fff815d0000 - 0x00007fff81924000 	C:\Windows\System32\combase.dll
0x00007fff7f0d0000 - 0x00007fff7f0fd000 	C:\Windows\SYSTEM32\Wldp.dll
0x00007fff80750000 - 0x00007fff807fd000 	C:\Windows\System32\SHCORE.dll
0x00007fff80100000 - 0x00007fff80155000 	C:\Windows\System32\shlwapi.dll
0x00007fff7f6a0000 - 0x00007fff7f6c5000 	C:\Windows\SYSTEM32\profapi.dll
0x00007fff3f2d0000 - 0x00007fff3f2e9000 	C:\Program Files\Java\jdk-15\bin\net.dll
0x00007fff76dc0000 - 0x00007fff76eca000 	C:\Windows\SYSTEM32\WINHTTP.dll
0x00007fff7eeb0000 - 0x00007fff7ef1a000 	C:\Windows\system32\mswsock.dll
0x00007fff3f1f0000 - 0x00007fff3f202000 	C:\Program Files\Java\jdk-15\bin\nio.dll
0x00007fff3f160000 - 0x00007fff3f178000 	C:\Program Files\Java\jdk-15\bin\zip.dll
0x0000000069ac0000 - 0x0000000069ae4000 	C:\Program Files\NetBeans-19\netbeans\java\maven\lib\jansi-native\Windows\x86_64\jansi.dll
0x00007fff58c40000 - 0x00007fff58c50000 	C:\Program Files\Java\jdk-15\bin\verify.dll

dbghelp: loaded successfully - version: 4.0.5 - missing functions: none
symbol engine: initialized successfully - sym options: 0x614 - pdb path: .;C:\Program Files\Java\jdk-15\bin;C:\Windows\SYSTEM32;C:\Windows\WinSxS\amd64_microsoft.windows.common-controls_6595b64144ccf1df_6.0.19041.3636_none_60b6a03d71f818d5;C:\Program Files\Java\jdk-15\bin\server;C:\Program Files\NetBeans-19\netbeans\java\maven\lib\jansi-native\Windows\x86_64

VM Arguments:
jvm_args: -Dclassworlds.conf=C:\Program Files\NetBeans-19\netbeans\java\maven\bin\m2.conf -Dmaven.home=C:\Program Files\NetBeans-19\netbeans\java\maven -Dlibrary.jansi.path=C:\Program Files\NetBeans-19\netbeans\java\maven\lib\jansi-native -Dmaven.multiModuleProjectDirectory=C:\Users\shahr\Desktop\Design Pattern\FacadeDesignPattern 
java_command: org.codehaus.plexus.classworlds.launcher.Launcher -Dexec.vmArgs= -Dexec.args=${exec.vmArgs} -classpath %classpath ${exec.mainClass} ${exec.appArgs} -Dexec.executable=C:\Program Files\Java\jdk-15\bin\java.exe -Dexec.mainClass=com.mycompany.facadedesignpattern.FacadeDesignPattern -Dexec.classpathScope=runtime -Dexec.appArgs= -Dmaven.ext.class.path=C:\Program Files\NetBeans-19\netbeans\java\maven-nblib\netbeans-eventspy.jar -Dfile.encoding=UTF-8 --no-transfer-progress process-classes org.codehaus.mojo:exec-maven-plugin:3.1.0:exec
java_class_path (initial): C:\Program Files\NetBeans-19\netbeans\java\maven\boot\plexus-classworlds-2.7.0.jar
Launcher Type: SUN_STANDARD

[Global flags]
     intx CICompilerCount                          = 4                                         {product} {ergonomic}
     uint ConcGCThreads                            = 2                                         {product} {ergonomic}
     uint G1ConcRefinementThreads                  = 8                                         {product} {ergonomic}
   size_t G1HeapRegionSize                         = 1048576                                   {product} {ergonomic}
    uintx GCDrainStackTargetSize                   = 64                                        {product} {ergonomic}
   size_t InitialHeapSize                          = 134217728                                 {product} {ergonomic}
   size_t MarkStackSize                            = 4194304                                   {product} {ergonomic}
   size_t MaxHeapSize                              = 2122317824                                {product} {ergonomic}
   size_t MaxNewSize                               = 1272971264                                {product} {ergonomic}
   size_t MinHeapDeltaBytes                        = 1048576                                   {product} {ergonomic}
   size_t MinHeapSize                              = 8388608                                   {product} {ergonomic}
    uintx NonNMethodCodeHeapSize                   = 5839372                                {pd product} {ergonomic}
    uintx NonProfiledCodeHeapSize                  = 122909434                              {pd product} {ergonomic}
    uintx ProfiledCodeHeapSize                     = 122909434                              {pd product} {ergonomic}
    uintx ReservedCodeCacheSize                    = 251658240                              {pd product} {ergonomic}
     bool SegmentedCodeCache                       = true                                      {product} {ergonomic}
   size_t SoftMaxHeapSize                          = 2122317824                             {manageable} {ergonomic}
     bool UseCompressedClassPointers               = true                                 {lp64_product} {ergonomic}
     bool UseCompressedOops                        = true                                 {lp64_product} {ergonomic}
     bool UseG1GC                                  = true                                      {product} {ergonomic}
     bool UseLargePagesIndividualAllocation        = false                                  {pd product} {ergonomic}

Logging:
Log output configuration:
 #0: stdout all=warning uptime,level,tags
 #1: stderr all=off uptime,level,tags

Environment Variables:
JAVA_HOME=C:\Program Files\Java\jdk-15
PATH=C:\Python312\Scripts\;C:\Python312\;C:\Program Files\Python38\Scripts\;C:\Program Files\Python38\;C:\Program Files\Common Files\Oracle\Java\javapath;C:\Windows\system32;C:\Windows;C:\Windows\System32\Wbem;C:\Windows\System32\WindowsPowerShell\v1.0\;C:\Windows\System32\OpenSSH\;C:\Program Files\Git\cmd;C:\Program Files\dotnet\;C:\Program Files (x86)\nodejs\;C:\ProgramData\chocolatey\bin;C:\Users\shahr\AppData\Local\Microsoft\WindowsApps;C:\Program Files\Java\jdk-15\bin;C:\flutter\bin;C:\Users\shahr\AppData\Local\Programs\Microsoft VS Code\bin;C:\Users\shahr\AppData\Local\Android\Sdk\platform-tools;C:\Users\shahr\.dotnet\tools;C:\Users\shahr\AppData\Local\Pub\Cache\bin;C:\Users\shahr\AppData\Roaming\npm
USERNAME=shahr
OS=Windows_NT
PROCESSOR_IDENTIFIER=Intel64 Family 6 Model 142 Stepping 10, GenuineIntel



---------------  S Y S T E M  ---------------

OS:
 Windows 10 , 64 bit Build 19041 (10.0.19041.3636)
OS uptime: 0 days 2:08 hours
HyperV virtualization detected

CPU: total 8 (initial active 8) (4 cores per cpu, 2 threads per core) family 6 model 142 stepping 10, cmov, cx8, fxsr, mmx, sse, sse2, sse3, ssse3, sse4.1, sse4.2, popcnt, vzeroupper, avx, avx2, aes, clmul, erms, 3dnowpref, lzcnt, ht, tsc, tscinvbit, bmi1, bmi2, adx, fma, clflush, clflushopt

Memory: 4k page, system-wide physical 8088M (737M free)
TotalPageFile size 15240M (AvailPageFile size 2M)
current process WorkingSet (physical memory assigned to process): 90M, peak: 91M
current process commit charge ("private bytes"): 240M, peak: 241M

vm_info: Java HotSpot(TM) 64-Bit Server VM (15+36-1562) for windows-amd64 JRE (15+36-1562), built on Aug 11 2020 22:38:02 by "mach5one" with unknown MS VC++:1925

END.
