#
# There is insufficient memory for the Java Runtime Environment to continue.
# Native memory allocation (malloc) failed to allocate 8192 bytes for AllocateHeap
# Possible reasons:
#   The system is out of physical RAM or swap space
#   The process is running with CompressedOops enabled, and the Java Heap may be blocking the growth of the native heap
# Possible solutions:
#   Reduce memory load on the system
#   Increase physical memory or swap space
#   Check if swap backing store is full
#   Decrease Java heap size (-Xmx/-Xms)
#   Decrease number of Java threads
#   Decrease Java thread stack sizes (-Xss)
#   Set larger code cache with -XX:ReservedCodeCacheSize=
#   JVM is running with Unscaled Compressed Oops mode in which the Java heap is
#     placed in the first 4GB address space. The Java Heap base address is the
#     maximum limit for the native heap growth. Please use -XX:HeapBaseMinAddress
#     to set the Java Heap base and to place the Java Heap above 4GB virtual address.
# This output file may be truncated or incomplete.
#
#  Out of Memory Error (./open/src/hotspot/share/memory/allocation.cpp:44), pid=18204, tid=17592
#
# JRE version: Java(TM) SE Runtime Environment (15.0+36) (build 15+36-1562)
# Java VM: Java HotSpot(TM) 64-Bit Server VM (15+36-1562, mixed mode, sharing, tiered, compressed oops, g1 gc, windows-amd64)
# No core dump will be written. Minidumps are not enabled by default on client versions of Windows
#

---------------  S U M M A R Y ------------

Command Line: -Dclassworlds.conf=C:\Program Files\NetBeans-19\netbeans\java\maven\bin\m2.conf -Dmaven.home=C:\Program Files\NetBeans-19\netbeans\java\maven -Dlibrary.jansi.path=C:\Program Files\NetBeans-19\netbeans\java\maven\lib\jansi-native -Dmaven.multiModuleProjectDirectory=C:\Users\shahr\Desktop\Design Pattern\FacadeDesignPattern org.codehaus.plexus.classworlds.launcher.Launcher -Dexec.vmArgs= -Dexec.args=${exec.vmArgs} -classpath %classpath ${exec.mainClass} ${exec.appArgs} -Dexec.appArgs= -Dexec.mainClass=com.mycompany.facadedesignpattern.FacadeDesignPattern -Dexec.executable=C:\Program Files\Java\jdk-15\bin\java.exe -Dmaven.ext.class.path=C:\Program Files\NetBeans-19\netbeans\java\maven-nblib\netbeans-eventspy.jar -Dfile.encoding=UTF-8 --no-transfer-progress process-classes org.codehaus.mojo:exec-maven-plugin:3.1.0:exec

Host: Intel(R) Core(TM) i5-8250U CPU @ 1.60GHz, 8 cores, 7G,  Windows 10 , 64 bit Build 19041 (10.0.19041.3636)
Time: Tue Nov 28 10:14:38 2023 Pakistan Standard Time elapsed time: 0.062283 seconds (0d 0h 0m 0s)

---------------  T H R E A D  ---------------

Current thread (0x000001df6b465d00):  JavaThread "main" [_thread_in_vm, id=17592, stack(0x000000bf70c00000,0x000000bf70d00000)]

Stack: [0x000000bf70c00000,0x000000bf70d00000]
Native frames: (J=compiled Java code, j=interpreted, Vv=VM code, C=native code)
V  [jvm.dll+0x629eaa]
V  [jvm.dll+0x780379]
V  [jvm.dll+0x781ad3]
V  [jvm.dll+0x782133]
V  [jvm.dll+0x2159d5]
V  [jvm.dll+0x8e9ba]
V  [jvm.dll+0x3161bc]
V  [jvm.dll+0x692a49]
V  [jvm.dll+0x69e73a]
V  [jvm.dll+0x6912b7]
V  [jvm.dll+0x69148b]
V  [jvm.dll+0x5dd7c4]
V  [jvm.dll+0x33a691]
V  [jvm.dll+0x339538]
V  [jvm.dll+0x3394d8]
V  [jvm.dll+0x522435]
V  [jvm.dll+0x52163d]
V  [jvm.dll+0x34cdd0]
V  [jvm.dll+0x34c40f]
C  0x000001df0001db2e

Java frames: (J=compiled Java code, j=interpreted, Vv=VM code)
j  sun.nio.fs.WindowsChannelFactory.newFileChannel(Ljava/lang/String;Ljava/lang/String;Ljava/util/Set;J)Ljava/nio/channels/FileChannel;+126 java.base@15
j  sun.nio.fs.WindowsFileSystemProvider.newByteChannel(Ljava/nio/file/Path;Ljava/util/Set;[Ljava/nio/file/attribute/FileAttribute;)Ljava/nio/channels/SeekableByteChannel;+28 java.base@15
j  java.nio.file.Files.newByteChannel(Ljava/nio/file/Path;Ljava/util/Set;[Ljava/nio/file/attribute/FileAttribute;)Ljava/nio/channels/SeekableByteChannel;+7 java.base@15
j  java.nio.file.Files.newByteChannel(Ljava/nio/file/Path;[Ljava/nio/file/OpenOption;)Ljava/nio/channels/SeekableByteChannel;+32 java.base@15
j  java.nio.file.spi.FileSystemProvider.newInputStream(Ljava/nio/file/Path;[Ljava/nio/file/OpenOption;)Ljava/io/InputStream;+84 java.base@15
j  java.nio.file.Files.newInputStream(Ljava/nio/file/Path;[Ljava/nio/file/OpenOption;)Ljava/io/InputStream;+6 java.base@15
j  org.codehaus.plexus.classworlds.launcher.Launcher.mainWithExitCode([Ljava/lang/String;)I+44
j  org.codehaus.plexus.classworlds.launcher.Launcher.main([Ljava/lang/String;)V+1
v  ~StubRoutines::call_stub

---------------  P R O C E S S  ---------------

Threads class SMR info:
_java_thread_list=0x000001df7bdbc730, length=11, elements={
0x000001df6b465d00, 0x000001df7af61370, 0x000001df7af61e50, 0x000001df7af79ef0,
0x000001df7af7dcd0, 0x000001df7af7e690, 0x000001df7af7f430, 0x000001df7af7fee0,
0x000001df7af808e0, 0x000001df7bdb47f0, 0x000001df7bdc15f0
}

Java Threads: ( => current thread )
=>0x000001df6b465d00 JavaThread "main" [_thread_in_vm, id=17592, stack(0x000000bf70c00000,0x000000bf70d00000)]
  0x000001df7af61370 JavaThread "Reference Handler" daemon [_thread_blocked, id=13560, stack(0x000000bf71300000,0x000000bf71400000)]
  0x000001df7af61e50 JavaThread "Finalizer" daemon [_thread_blocked, id=17684, stack(0x000000bf71400000,0x000000bf71500000)]
  0x000001df7af79ef0 JavaThread "Signal Dispatcher" daemon [_thread_blocked, id=17752, stack(0x000000bf71500000,0x000000bf71600000)]
  0x000001df7af7dcd0 JavaThread "Attach Listener" daemon [_thread_blocked, id=17716, stack(0x000000bf71600000,0x000000bf71700000)]
  0x000001df7af7e690 JavaThread "Service Thread" daemon [_thread_blocked, id=11576, stack(0x000000bf71700000,0x000000bf71800000)]
  0x000001df7af7f430 JavaThread "C2 CompilerThread0" daemon [_thread_blocked, id=17692, stack(0x000000bf71800000,0x000000bf71900000)]
  0x000001df7af7fee0 JavaThread "C1 CompilerThread0" daemon [_thread_blocked, id=17688, stack(0x000000bf71900000,0x000000bf71a00000)]
  0x000001df7af808e0 JavaThread "Sweeper thread" daemon [_thread_blocked, id=17728, stack(0x000000bf71a00000,0x000000bf71b00000)]
  0x000001df7bdb47f0 JavaThread "Notification Thread" daemon [_thread_blocked, id=16964, stack(0x000000bf71b00000,0x000000bf71c00000)]
  0x000001df7bdc15f0 JavaThread "Common-Cleaner" daemon [_thread_blocked, id=18332, stack(0x000000bf71d00000,0x000000bf71e00000)]

Other Threads:
  0x000001df7af5fbe0 VMThread "VM Thread" [stack: 0x000000bf71200000,0x000000bf71300000] [id=7868]
  0x000001df7bdba500 WatcherThread [stack: 0x000000bf71c00000,0x000000bf71d00000] [id=17424]
  0x000001df6b4a49c0 GCTaskThread "GC Thread#0" [stack: 0x000000bf70d00000,0x000000bf70e00000] [id=17624]
  0x000001df6b4f57b0 ConcurrentGCThread "G1 Main Marker" [stack: 0x000000bf70e00000,0x000000bf70f00000] [id=17712]
  0x000001df6b4f6330 ConcurrentGCThread "G1 Conc#0" [stack: 0x000000bf70f00000,0x000000bf71000000] [id=17748]
  0x000001df7add44e0 ConcurrentGCThread "G1 Refine#0" [stack: 0x000000bf71000000,0x000000bf71100000] [id=17720]
  0x000001df6b53e210 ConcurrentGCThread "G1 Young RemSet Sampling" [stack: 0x000000bf71100000,0x000000bf71200000] [id=17744]

Threads with active compile tasks:

VM state: not at safepoint (normal execution)

VM Mutex/Monitor currently owned by a thread:  ([mutex/lock_event])
[0x000001df6b461f20] AdapterHandlerLibrary_lock - owner thread: 0x000001df6b465d00

Heap address: 0x0000000081800000, size: 2024 MB, Compressed Oops mode: 32-bit
CDS archive(s) mapped at: [0x0000000800000000-0x0000000800b50000-0x0000000800b50000), size 11862016, SharedBaseAddress: 0x0000000800000000, ArchiveRelocationMode: 0.
Compressed class space mapped at: 0x0000000800b50000-0x0000000840b50000, size: 1073741824
Narrow klass base: 0x0000000800000000, Narrow klass shift: 3, Narrow klass range: 0x100000000

GC Precious Log:
 CPUs: 8 total, 8 available
 Memory: 8088M
 Large Page Support: Disabled
 NUMA Support: Disabled
 Compressed Oops: Enabled (32-bit)
 Heap Region Size: 1M
 Heap Min Capacity: 8M
 Heap Initial Capacity: 128M
 Heap Max Capacity: 2024M
 Pre-touch: Disabled
 Parallel Workers: 8
 Concurrent Workers: 2
 Concurrent Refinement Workers: 8
 Periodic GC: Disabled

Heap:
 garbage-first heap   total 131072K, used 1024K [0x0000000081800000, 0x0000000100000000)
  region size 1024K, 2 young (2048K), 0 survivors (0K)
 Metaspace       used 388K, capacity 806K, committed 1024K, reserved 1064960K
  class space    used 27K, capacity 390K, committed 512K, reserved 1048576K

Heap Regions: E=young(eden), S=young(survivor), O=old, HS=humongous(starts), HC=humongous(continues), CS=collection set, F=free, OA=open archive, CA=closed archive, TAMS=top-at-mark-start (previous, next)
|   0|0x0000000081800000, 0x0000000081800000, 0x0000000081900000|  0%| F|  |TAMS 0x0000000081800000, 0x0000000081800000| Untracked 
|   1|0x0000000081900000, 0x0000000081900000, 0x0000000081a00000|  0%| F|  |TAMS 0x0000000081900000, 0x0000000081900000| Untracked 
|   2|0x0000000081a00000, 0x0000000081a00000, 0x0000000081b00000|  0%| F|  |TAMS 0x0000000081a00000, 0x0000000081a00000| Untracked 
|   3|0x0000000081b00000, 0x0000000081b00000, 0x0000000081c00000|  0%| F|  |TAMS 0x0000000081b00000, 0x0000000081b00000| Untracked 
|   4|0x0000000081c00000, 0x0000000081c00000, 0x0000000081d00000|  0%| F|  |TAMS 0x0000000081c00000, 0x0000000081c00000| Untracked 
|   5|0x0000000081d00000, 0x0000000081d00000, 0x0000000081e00000|  0%| F|  |TAMS 0x0000000081d00000, 0x0000000081d00000| Untracked 
|   6|0x0000000081e00000, 0x0000000081e00000, 0x0000000081f00000|  0%| F|  |TAMS 0x0000000081e00000, 0x0000000081e00000| Untracked 
|   7|0x0000000081f00000, 0x0000000081f00000, 0x0000000082000000|  0%| F|  |TAMS 0x0000000081f00000, 0x0000000081f00000| Untracked 
|   8|0x0000000082000000, 0x0000000082000000, 0x0000000082100000|  0%| F|  |TAMS 0x0000000082000000, 0x0000000082000000| Untracked 
|   9|0x0000000082100000, 0x0000000082100000, 0x0000000082200000|  0%| F|  |TAMS 0x0000000082100000, 0x0000000082100000| Untracked 
|  10|0x0000000082200000, 0x0000000082200000, 0x0000000082300000|  0%| F|  |TAMS 0x0000000082200000, 0x0000000082200000| Untracked 
|  11|0x0000000082300000, 0x0000000082300000, 0x0000000082400000|  0%| F|  |TAMS 0x0000000082300000, 0x0000000082300000| Untracked 
|  12|0x0000000082400000, 0x0000000082400000, 0x0000000082500000|  0%| F|  |TAMS 0x0000000082400000, 0x0000000082400000| Untracked 
|  13|0x0000000082500000, 0x0000000082500000, 0x0000000082600000|  0%| F|  |TAMS 0x0000000082500000, 0x0000000082500000| Untracked 
|  14|0x0000000082600000, 0x0000000082600000, 0x0000000082700000|  0%| F|  |TAMS 0x0000000082600000, 0x0000000082600000| Untracked 
|  15|0x0000000082700000, 0x0000000082700000, 0x0000000082800000|  0%| F|  |TAMS 0x0000000082700000, 0x0000000082700000| Untracked 
|  16|0x0000000082800000, 0x0000000082800000, 0x0000000082900000|  0%| F|  |TAMS 0x0000000082800000, 0x0000000082800000| Untracked 
|  17|0x0000000082900000, 0x0000000082900000, 0x0000000082a00000|  0%| F|  |TAMS 0x0000000082900000, 0x0000000082900000| Untracked 
|  18|0x0000000082a00000, 0x0000000082a00000, 0x0000000082b00000|  0%| F|  |TAMS 0x0000000082a00000, 0x0000000082a00000| Untracked 
|  19|0x0000000082b00000, 0x0000000082b00000, 0x0000000082c00000|  0%| F|  |TAMS 0x0000000082b00000, 0x0000000082b00000| Untracked 
|  20|0x0000000082c00000, 0x0000000082c00000, 0x0000000082d00000|  0%| F|  |TAMS 0x0000000082c00000, 0x0000000082c00000| Untracked 
|  21|0x0000000082d00000, 0x0000000082d00000, 0x0000000082e00000|  0%| F|  |TAMS 0x0000000082d00000, 0x0000000082d00000| Untracked 
|  22|0x0000000082e00000, 0x0000000082e00000, 0x0000000082f00000|  0%| F|  |TAMS 0x0000000082e00000, 0x0000000082e00000| Untracked 
|  23|0x0000000082f00000, 0x0000000082f00000, 0x0000000083000000|  0%| F|  |TAMS 0x0000000082f00000, 0x0000000082f00000| Untracked 
|  24|0x0000000083000000, 0x0000000083000000, 0x0000000083100000|  0%| F|  |TAMS 0x0000000083000000, 0x0000000083000000| Untracked 
|  25|0x0000000083100000, 0x0000000083100000, 0x0000000083200000|  0%| F|  |TAMS 0x0000000083100000, 0x0000000083100000| Untracked 
|  26|0x0000000083200000, 0x0000000083200000, 0x0000000083300000|  0%| F|  |TAMS 0x0000000083200000, 0x0000000083200000| Untracked 
|  27|0x0000000083300000, 0x0000000083300000, 0x0000000083400000|  0%| F|  |TAMS 0x0000000083300000, 0x0000000083300000| Untracked 
|  28|0x0000000083400000, 0x0000000083400000, 0x0000000083500000|  0%| F|  |TAMS 0x0000000083400000, 0x0000000083400000| Untracked 
|  29|0x0000000083500000, 0x0000000083500000, 0x0000000083600000|  0%| F|  |TAMS 0x0000000083500000, 0x0000000083500000| Untracked 
|  30|0x0000000083600000, 0x0000000083600000, 0x0000000083700000|  0%| F|  |TAMS 0x0000000083600000, 0x0000000083600000| Untracked 
|  31|0x0000000083700000, 0x0000000083700000, 0x0000000083800000|  0%| F|  |TAMS 0x0000000083700000, 0x0000000083700000| Untracked 
|  32|0x0000000083800000, 0x0000000083800000, 0x0000000083900000|  0%| F|  |TAMS 0x0000000083800000, 0x0000000083800000| Untracked 
|  33|0x0000000083900000, 0x0000000083900000, 0x0000000083a00000|  0%| F|  |TAMS 0x0000000083900000, 0x0000000083900000| Untracked 
|  34|0x0000000083a00000, 0x0000000083a00000, 0x0000000083b00000|  0%| F|  |TAMS 0x0000000083a00000, 0x0000000083a00000| Untracked 
|  35|0x0000000083b00000, 0x0000000083b00000, 0x0000000083c00000|  0%| F|  |TAMS 0x0000000083b00000, 0x0000000083b00000| Untracked 
|  36|0x0000000083c00000, 0x0000000083c00000, 0x0000000083d00000|  0%| F|  |TAMS 0x0000000083c00000, 0x0000000083c00000| Untracked 
|  37|0x0000000083d00000, 0x0000000083d00000, 0x0000000083e00000|  0%| F|  |TAMS 0x0000000083d00000, 0x0000000083d00000| Untracked 
|  38|0x0000000083e00000, 0x0000000083e00000, 0x0000000083f00000|  0%| F|  |TAMS 0x0000000083e00000, 0x0000000083e00000| Untracked 
|  39|0x0000000083f00000, 0x0000000083f00000, 0x0000000084000000|  0%| F|  |TAMS 0x0000000083f00000, 0x0000000083f00000| Untracked 
|  40|0x0000000084000000, 0x0000000084000000, 0x0000000084100000|  0%| F|  |TAMS 0x0000000084000000, 0x0000000084000000| Untracked 
|  41|0x0000000084100000, 0x0000000084100000, 0x0000000084200000|  0%| F|  |TAMS 0x0000000084100000, 0x0000000084100000| Untracked 
|  42|0x0000000084200000, 0x0000000084200000, 0x0000000084300000|  0%| F|  |TAMS 0x0000000084200000, 0x0000000084200000| Untracked 
|  43|0x0000000084300000, 0x0000000084300000, 0x0000000084400000|  0%| F|  |TAMS 0x0000000084300000, 0x0000000084300000| Untracked 
|  44|0x0000000084400000, 0x0000000084400000, 0x0000000084500000|  0%| F|  |TAMS 0x0000000084400000, 0x0000000084400000| Untracked 
|  45|0x0000000084500000, 0x0000000084500000, 0x0000000084600000|  0%| F|  |TAMS 0x0000000084500000, 0x0000000084500000| Untracked 
|  46|0x0000000084600000, 0x0000000084600000, 0x0000000084700000|  0%| F|  |TAMS 0x0000000084600000, 0x0000000084600000| Untracked 
|  47|0x0000000084700000, 0x0000000084700000, 0x0000000084800000|  0%| F|  |TAMS 0x0000000084700000, 0x0000000084700000| Untracked 
|  48|0x0000000084800000, 0x0000000084800000, 0x0000000084900000|  0%| F|  |TAMS 0x0000000084800000, 0x0000000084800000| Untracked 
|  49|0x0000000084900000, 0x0000000084900000, 0x0000000084a00000|  0%| F|  |TAMS 0x0000000084900000, 0x0000000084900000| Untracked 
|  50|0x0000000084a00000, 0x0000000084a00000, 0x0000000084b00000|  0%| F|  |TAMS 0x0000000084a00000, 0x0000000084a00000| Untracked 
|  51|0x0000000084b00000, 0x0000000084b00000, 0x0000000084c00000|  0%| F|  |TAMS 0x0000000084b00000, 0x0000000084b00000| Untracked 
|  52|0x0000000084c00000, 0x0000000084c00000, 0x0000000084d00000|  0%| F|  |TAMS 0x0000000084c00000, 0x0000000084c00000| Untracked 
|  53|0x0000000084d00000, 0x0000000084d00000, 0x0000000084e00000|  0%| F|  |TAMS 0x0000000084d00000, 0x0000000084d00000| Untracked 
|  54|0x0000000084e00000, 0x0000000084e00000, 0x0000000084f00000|  0%| F|  |TAMS 0x0000000084e00000, 0x0000000084e00000| Untracked 
|  55|0x0000000084f00000, 0x0000000084f00000, 0x0000000085000000|  0%| F|  |TAMS 0x0000000084f00000, 0x0000000084f00000| Untracked 
|  56|0x0000000085000000, 0x0000000085000000, 0x0000000085100000|  0%| F|  |TAMS 0x0000000085000000, 0x0000000085000000| Untracked 
|  57|0x0000000085100000, 0x0000000085100000, 0x0000000085200000|  0%| F|  |TAMS 0x0000000085100000, 0x0000000085100000| Untracked 
|  58|0x0000000085200000, 0x0000000085200000, 0x0000000085300000|  0%| F|  |TAMS 0x0000000085200000, 0x0000000085200000| Untracked 
|  59|0x0000000085300000, 0x0000000085300000, 0x0000000085400000|  0%| F|  |TAMS 0x0000000085300000, 0x0000000085300000| Untracked 
|  60|0x0000000085400000, 0x0000000085400000, 0x0000000085500000|  0%| F|  |TAMS 0x0000000085400000, 0x0000000085400000| Untracked 
|  61|0x0000000085500000, 0x0000000085500000, 0x0000000085600000|  0%| F|  |TAMS 0x0000000085500000, 0x0000000085500000| Untracked 
|  62|0x0000000085600000, 0x0000000085600000, 0x0000000085700000|  0%| F|  |TAMS 0x0000000085600000, 0x0000000085600000| Untracked 
|  63|0x0000000085700000, 0x0000000085700000, 0x0000000085800000|  0%| F|  |TAMS 0x0000000085700000, 0x0000000085700000| Untracked 
|  64|0x0000000085800000, 0x0000000085800000, 0x0000000085900000|  0%| F|  |TAMS 0x0000000085800000, 0x0000000085800000| Untracked 
|  65|0x0000000085900000, 0x0000000085900000, 0x0000000085a00000|  0%| F|  |TAMS 0x0000000085900000, 0x0000000085900000| Untracked 
|  66|0x0000000085a00000, 0x0000000085a00000, 0x0000000085b00000|  0%| F|  |TAMS 0x0000000085a00000, 0x0000000085a00000| Untracked 
|  67|0x0000000085b00000, 0x0000000085b00000, 0x0000000085c00000|  0%| F|  |TAMS 0x0000000085b00000, 0x0000000085b00000| Untracked 
|  68|0x0000000085c00000, 0x0000000085c00000, 0x0000000085d00000|  0%| F|  |TAMS 0x0000000085c00000, 0x0000000085c00000| Untracked 
|  69|0x0000000085d00000, 0x0000000085d00000, 0x0000000085e00000|  0%| F|  |TAMS 0x0000000085d00000, 0x0000000085d00000| Untracked 
|  70|0x0000000085e00000, 0x0000000085e00000, 0x0000000085f00000|  0%| F|  |TAMS 0x0000000085e00000, 0x0000000085e00000| Untracked 
|  71|0x0000000085f00000, 0x0000000085f00000, 0x0000000086000000|  0%| F|  |TAMS 0x0000000085f00000, 0x0000000085f00000| Untracked 
|  72|0x0000000086000000, 0x0000000086000000, 0x0000000086100000|  0%| F|  |TAMS 0x0000000086000000, 0x0000000086000000| Untracked 
|  73|0x0000000086100000, 0x0000000086100000, 0x0000000086200000|  0%| F|  |TAMS 0x0000000086100000, 0x0000000086100000| Untracked 
|  74|0x0000000086200000, 0x0000000086200000, 0x0000000086300000|  0%| F|  |TAMS 0x0000000086200000, 0x0000000086200000| Untracked 
|  75|0x0000000086300000, 0x0000000086300000, 0x0000000086400000|  0%| F|  |TAMS 0x0000000086300000, 0x0000000086300000| Untracked 
|  76|0x0000000086400000, 0x0000000086400000, 0x0000000086500000|  0%| F|  |TAMS 0x0000000086400000, 0x0000000086400000| Untracked 
|  77|0x0000000086500000, 0x0000000086500000, 0x0000000086600000|  0%| F|  |TAMS 0x0000000086500000, 0x0000000086500000| Untracked 
|  78|0x0000000086600000, 0x0000000086600000, 0x0000000086700000|  0%| F|  |TAMS 0x0000000086600000, 0x0000000086600000| Untracked 
|  79|0x0000000086700000, 0x0000000086700000, 0x0000000086800000|  0%| F|  |TAMS 0x0000000086700000, 0x0000000086700000| Untracked 
|  80|0x0000000086800000, 0x0000000086800000, 0x0000000086900000|  0%| F|  |TAMS 0x0000000086800000, 0x0000000086800000| Untracked 
|  81|0x0000000086900000, 0x0000000086900000, 0x0000000086a00000|  0%| F|  |TAMS 0x0000000086900000, 0x0000000086900000| Untracked 
|  82|0x0000000086a00000, 0x0000000086a00000, 0x0000000086b00000|  0%| F|  |TAMS 0x0000000086a00000, 0x0000000086a00000| Untracked 
|  83|0x0000000086b00000, 0x0000000086b00000, 0x0000000086c00000|  0%| F|  |TAMS 0x0000000086b00000, 0x0000000086b00000| Untracked 
|  84|0x0000000086c00000, 0x0000000086c00000, 0x0000000086d00000|  0%| F|  |TAMS 0x0000000086c00000, 0x0000000086c00000| Untracked 
|  85|0x0000000086d00000, 0x0000000086d00000, 0x0000000086e00000|  0%| F|  |TAMS 0x0000000086d00000, 0x0000000086d00000| Untracked 
|  86|0x0000000086e00000, 0x0000000086e00000, 0x0000000086f00000|  0%| F|  |TAMS 0x0000000086e00000, 0x0000000086e00000| Untracked 
|  87|0x0000000086f00000, 0x0000000086f00000, 0x0000000087000000|  0%| F|  |TAMS 0x0000000086f00000, 0x0000000086f00000| Untracked 
|  88|0x0000000087000000, 0x0000000087000000, 0x0000000087100000|  0%| F|  |TAMS 0x0000000087000000, 0x0000000087000000| Untracked 
|  89|0x0000000087100000, 0x0000000087100000, 0x0000000087200000|  0%| F|  |TAMS 0x0000000087100000, 0x0000000087100000| Untracked 
|  90|0x0000000087200000, 0x0000000087200000, 0x0000000087300000|  0%| F|  |TAMS 0x0000000087200000, 0x0000000087200000| Untracked 
|  91|0x0000000087300000, 0x0000000087300000, 0x0000000087400000|  0%| F|  |TAMS 0x0000000087300000, 0x0000000087300000| Untracked 
|  92|0x0000000087400000, 0x0000000087400000, 0x0000000087500000|  0%| F|  |TAMS 0x0000000087400000, 0x0000000087400000| Untracked 
|  93|0x0000000087500000, 0x0000000087500000, 0x0000000087600000|  0%| F|  |TAMS 0x0000000087500000, 0x0000000087500000| Untracked 
|  94|0x0000000087600000, 0x0000000087600000, 0x0000000087700000|  0%| F|  |TAMS 0x0000000087600000, 0x0000000087600000| Untracked 
|  95|0x0000000087700000, 0x0000000087700000, 0x0000000087800000|  0%| F|  |TAMS 0x0000000087700000, 0x0000000087700000| Untracked 
|  96|0x0000000087800000, 0x0000000087800000, 0x0000000087900000|  0%| F|  |TAMS 0x0000000087800000, 0x0000000087800000| Untracked 
|  97|0x0000000087900000, 0x0000000087900000, 0x0000000087a00000|  0%| F|  |TAMS 0x0000000087900000, 0x0000000087900000| Untracked 
|  98|0x0000000087a00000, 0x0000000087a00000, 0x0000000087b00000|  0%| F|  |TAMS 0x0000000087a00000, 0x0000000087a00000| Untracked 
|  99|0x0000000087b00000, 0x0000000087b00000, 0x0000000087c00000|  0%| F|  |TAMS 0x0000000087b00000, 0x0000000087b00000| Untracked 
| 100|0x0000000087c00000, 0x0000000087c00000, 0x0000000087d00000|  0%| F|  |TAMS 0x0000000087c00000, 0x0000000087c00000| Untracked 
| 101|0x0000000087d00000, 0x0000000087d00000, 0x0000000087e00000|  0%| F|  |TAMS 0x0000000087d00000, 0x0000000087d00000| Untracked 
| 102|0x0000000087e00000, 0x0000000087e00000, 0x0000000087f00000|  0%| F|  |TAMS 0x0000000087e00000, 0x0000000087e00000| Untracked 
| 103|0x0000000087f00000, 0x0000000087f00000, 0x0000000088000000|  0%| F|  |TAMS 0x0000000087f00000, 0x0000000087f00000| Untracked 
| 104|0x0000000088000000, 0x0000000088000000, 0x0000000088100000|  0%| F|  |TAMS 0x0000000088000000, 0x0000000088000000| Untracked 
| 105|0x0000000088100000, 0x0000000088100000, 0x0000000088200000|  0%| F|  |TAMS 0x0000000088100000, 0x0000000088100000| Untracked 
| 106|0x0000000088200000, 0x0000000088200000, 0x0000000088300000|  0%| F|  |TAMS 0x0000000088200000, 0x0000000088200000| Untracked 
| 107|0x0000000088300000, 0x0000000088300000, 0x0000000088400000|  0%| F|  |TAMS 0x0000000088300000, 0x0000000088300000| Untracked 
| 108|0x0000000088400000, 0x0000000088400000, 0x0000000088500000|  0%| F|  |TAMS 0x0000000088400000, 0x0000000088400000| Untracked 
| 109|0x0000000088500000, 0x0000000088500000, 0x0000000088600000|  0%| F|  |TAMS 0x0000000088500000, 0x0000000088500000| Untracked 
| 110|0x0000000088600000, 0x0000000088600000, 0x0000000088700000|  0%| F|  |TAMS 0x0000000088600000, 0x0000000088600000| Untracked 
| 111|0x0000000088700000, 0x0000000088700000, 0x0000000088800000|  0%| F|  |TAMS 0x0000000088700000, 0x0000000088700000| Untracked 
| 112|0x0000000088800000, 0x0000000088800000, 0x0000000088900000|  0%| F|  |TAMS 0x0000000088800000, 0x0000000088800000| Untracked 
| 113|0x0000000088900000, 0x0000000088900000, 0x0000000088a00000|  0%| F|  |TAMS 0x0000000088900000, 0x0000000088900000| Untracked 
| 114|0x0000000088a00000, 0x0000000088a00000, 0x0000000088b00000|  0%| F|  |TAMS 0x0000000088a00000, 0x0000000088a00000| Untracked 
| 115|0x0000000088b00000, 0x0000000088b00000, 0x0000000088c00000|  0%| F|  |TAMS 0x0000000088b00000, 0x0000000088b00000| Untracked 
| 116|0x0000000088c00000, 0x0000000088c00000, 0x0000000088d00000|  0%| F|  |TAMS 0x0000000088c00000, 0x0000000088c00000| Untracked 
| 117|0x0000000088d00000, 0x0000000088d00000, 0x0000000088e00000|  0%| F|  |TAMS 0x0000000088d00000, 0x0000000088d00000| Untracked 
| 118|0x0000000088e00000, 0x0000000088e00000, 0x0000000088f00000|  0%| F|  |TAMS 0x0000000088e00000, 0x0000000088e00000| Untracked 
| 119|0x0000000088f00000, 0x0000000088f00000, 0x0000000089000000|  0%| F|  |TAMS 0x0000000088f00000, 0x0000000088f00000| Untracked 
| 120|0x0000000089000000, 0x0000000089000000, 0x0000000089100000|  0%| F|  |TAMS 0x0000000089000000, 0x0000000089000000| Untracked 
| 121|0x0000000089100000, 0x0000000089100000, 0x0000000089200000|  0%| F|  |TAMS 0x0000000089100000, 0x0000000089100000| Untracked 
| 122|0x0000000089200000, 0x0000000089200000, 0x0000000089300000|  0%| F|  |TAMS 0x0000000089200000, 0x0000000089200000| Untracked 
| 123|0x0000000089300000, 0x0000000089300000, 0x0000000089400000|  0%| F|  |TAMS 0x0000000089300000, 0x0000000089300000| Untracked 
| 124|0x0000000089400000, 0x0000000089400000, 0x0000000089500000|  0%| F|  |TAMS 0x0000000089400000, 0x0000000089400000| Untracked 
| 125|0x0000000089500000, 0x0000000089500000, 0x0000000089600000|  0%| F|  |TAMS 0x0000000089500000, 0x0000000089500000| Untracked 
| 126|0x0000000089600000, 0x0000000089676440, 0x0000000089700000| 46%| E|  |TAMS 0x0000000089600000, 0x0000000089600000| Complete 
| 127|0x0000000089700000, 0x0000000089800000, 0x0000000089800000|100%| E|CS|TAMS 0x0000000089700000, 0x0000000089700000| Complete 

Card table byte_map: [0x000001df73dd0000,0x000001df741d0000] _byte_map_base: 0x000001df739c4000

Marking Bits (Prev, Next): (CMBitMap*) 0x000001df6b4a5140, (CMBitMap*) 0x000001df6b4a5180
 Prev Bits: [0x000001df745d0000, 0x000001df76570000)
 Next Bits: [0x000001df76570000, 0x000001df78510000)

Polling page: 0x000001df69460000

Metaspace:

Usage:
  Non-class:    416.00 KB capacity,   361.16 KB ( 87%) used,    53.96 KB ( 13%) free+waste,   896 bytes ( <1%) overhead. 
      Class:    390.00 KB capacity,    27.12 KB (  7%) used,   362.62 KB ( 93%) free+waste,   256 bytes ( <1%) overhead. 
       Both:    806.00 KB capacity,   388.29 KB ( 48%) used,   416.59 KB ( 52%) free+waste,     1.12 KB ( <1%) overhead. 

Virtual space:
  Non-class space:       16.00 MB reserved,     512.00 KB (  3%) committed 
      Class space:        1.00 GB reserved,     512.00 KB ( <1%) committed 
             Both:        1.02 GB reserved,       1.00 MB ( <1%) committed 

Chunk freelists:
   Non-Class:  32.00 KB
       Class:  0 bytes
        Both:  32.00 KB

MaxMetaspaceSize: 17179869184.00 GB
CompressedClassSpaceSize: 1.00 GB

CodeHeap 'non-profiled nmethods': size=120000Kb used=17Kb max_used=17Kb free=119982Kb
 bounds [0x000001df07ad0000, 0x000001df07d40000, 0x000001df0f000000]
CodeHeap 'profiled nmethods': size=120000Kb used=105Kb max_used=105Kb free=119894Kb
 bounds [0x000001df005a0000, 0x000001df00810000, 0x000001df07ad0000]
CodeHeap 'non-nmethods': size=5760Kb used=1075Kb max_used=1075Kb free=4684Kb
 bounds [0x000001df00000000, 0x000001df00270000, 0x000001df005a0000]
 total_blobs=386 nmethods=81 adapters=218
 compilation: enabled
              stopped_count=0, restarted_count=0
 full_count=0

Compilation events (20 events):
Event: 0.045 Thread 0x000001df7af7fee0   72       3       java.lang.String::indexOf (29 bytes)
Event: 0.045 Thread 0x000001df7af7fee0 nmethod 72 0x000001df005b5890 code [0x000001df005b5a60, 0x000001df005b5cd8]
Event: 0.049 Thread 0x000001df7af7fee0   73       3       java.util.zip.ZipUtils::SH (21 bytes)
Event: 0.049 Thread 0x000001df7af7fee0 nmethod 73 0x000001df005b5e10 code [0x000001df005b5fa0, 0x000001df005b60d8]
Event: 0.051 Thread 0x000001df7af7fee0   74       3       java.lang.Math::min (11 bytes)
Event: 0.052 Thread 0x000001df7af7fee0 nmethod 74 0x000001df005b6210 code [0x000001df005b63a0, 0x000001df005b64d8]
Event: 0.052 Thread 0x000001df7af7fee0   75       3       java.util.AbstractMap::<init> (5 bytes)
Event: 0.052 Thread 0x000001df7af7fee0 nmethod 75 0x000001df005b6590 code [0x000001df005b6720, 0x000001df005b6878]
Event: 0.052 Thread 0x000001df7af7fee0   76       3       java.util.HashMap::putVal (300 bytes)
Event: 0.053 Thread 0x000001df7af7fee0 nmethod 76 0x000001df005b6910 code [0x000001df005b6bc0, 0x000001df005b7e38]
Event: 0.055 Thread 0x000001df7af7fee0   77       3       java.lang.Math::max (11 bytes)
Event: 0.055 Thread 0x000001df7af7fee0 nmethod 77 0x000001df005b8310 code [0x000001df005b84a0, 0x000001df005b85d8]
Event: 0.055 Thread 0x000001df7af7fee0   78       3       java.lang.String::<init> (15 bytes)
Event: 0.055 Thread 0x000001df7af7fee0 nmethod 78 0x000001df005b8690 code [0x000001df005b8820, 0x000001df005b89d8]
Event: 0.055 Thread 0x000001df7af7fee0   79       3       java.lang.String::indexOf (7 bytes)
Event: 0.055 Thread 0x000001df7af7fee0 nmethod 79 0x000001df005b8a90 code [0x000001df005b8c60, 0x000001df005b8f58]
Event: 0.056 Thread 0x000001df7af7fee0   80       3       java.lang.String::getBytes (44 bytes)
Event: 0.056 Thread 0x000001df7af7fee0 nmethod 80 0x000001df005b9090 code [0x000001df005b9260, 0x000001df005b9538]
Event: 0.056 Thread 0x000001df7af7fee0   81       3       java.util.Arrays::copyOfRange (64 bytes)
Event: 0.057 Thread 0x000001df7af7fee0 nmethod 81 0x000001df005b9690 code [0x000001df005b9900, 0x000001df005ba218]

GC Heap History (0 events):
No events

Deoptimization events (0 events):
No events

Classes unloaded (0 events):
No events

Classes redefined (0 events):
No events

Internal exceptions (0 events):
No events

Events (20 events):
Event: 0.058 loading class java/nio/channels/SeekableByteChannel
Event: 0.058 loading class java/nio/channels/ByteChannel
Event: 0.058 loading class java/nio/channels/ReadableByteChannel
Event: 0.058 loading class java/nio/channels/Channel
Event: 0.058 loading class java/nio/channels/Channel done
Event: 0.058 loading class java/nio/channels/ReadableByteChannel done
Event: 0.058 loading class java/nio/channels/WritableByteChannel
Event: 0.058 loading class java/nio/channels/WritableByteChannel done
Event: 0.058 loading class java/nio/channels/ByteChannel done
Event: 0.058 loading class java/nio/channels/SeekableByteChannel done
Event: 0.058 loading class java/nio/channels/GatheringByteChannel
Event: 0.058 loading class java/nio/channels/GatheringByteChannel done
Event: 0.058 loading class java/nio/channels/ScatteringByteChannel
Event: 0.058 loading class java/nio/channels/ScatteringByteChannel done
Event: 0.058 loading class java/nio/channels/spi/AbstractInterruptibleChannel
Event: 0.058 loading class java/nio/channels/InterruptibleChannel
Event: 0.058 loading class java/nio/channels/InterruptibleChannel done
Event: 0.058 loading class java/nio/channels/spi/AbstractInterruptibleChannel done
Event: 0.058 loading class java/nio/channels/FileChannel done
Event: 0.058 loading class sun/nio/ch/FileChannelImpl done


Dynamic libraries:
0x00007ff6f75d0000 - 0x00007ff6f75df000 	C:\Program Files\Java\jdk-15\bin\java.exe
0x00007fff82090000 - 0x00007fff82288000 	C:\Windows\SYSTEM32\ntdll.dll
0x00007fff80690000 - 0x00007fff8074d000 	C:\Windows\System32\KERNEL32.DLL
0x00007fff7f9b0000 - 0x00007fff7fca6000 	C:\Windows\System32\KERNELBASE.dll
0x00007fff7fce0000 - 0x00007fff7fde0000 	C:\Windows\System32\ucrtbase.dll
0x00007fff4c1c0000 - 0x00007fff4c1d8000 	C:\Program Files\Java\jdk-15\bin\jli.dll
0x00007fff76240000 - 0x00007fff76259000 	C:\Program Files\Java\jdk-15\bin\VCRUNTIME140.dll
0x00007fff80410000 - 0x00007fff804bf000 	C:\Windows\System32\ADVAPI32.dll
0x00007fff80160000 - 0x00007fff801fe000 	C:\Windows\System32\msvcrt.dll
0x00007fff81a60000 - 0x00007fff81afc000 	C:\Windows\System32\sechost.dll
0x00007fff80210000 - 0x00007fff80336000 	C:\Windows\System32\RPCRT4.dll
0x00007fff81280000 - 0x00007fff8141e000 	C:\Windows\System32\USER32.dll
0x00007fff65ce0000 - 0x00007fff65f7a000 	C:\Windows\WinSxS\amd64_microsoft.windows.common-controls_6595b64144ccf1df_6.0.19041.3636_none_60b6a03d71f818d5\COMCTL32.dll
0x00007fff7f770000 - 0x00007fff7f792000 	C:\Windows\System32\win32u.dll
0x00007fff80580000 - 0x00007fff805ac000 	C:\Windows\System32\GDI32.dll
0x00007fff7fe30000 - 0x00007fff7ff4a000 	C:\Windows\System32\gdi32full.dll
0x00007fff7ff50000 - 0x00007fff7ffed000 	C:\Windows\System32\msvcp_win.dll
0x00007fff790b0000 - 0x00007fff790ba000 	C:\Windows\SYSTEM32\VERSION.dll
0x00007fff80550000 - 0x00007fff80580000 	C:\Windows\System32\IMM32.DLL
0x00007fff5ceb0000 - 0x00007fff5cebc000 	C:\Program Files\Java\jdk-15\bin\vcruntime140_1.dll
0x00007fff28220000 - 0x00007fff282b1000 	C:\Program Files\Java\jdk-15\bin\msvcp140.dll
0x00007fff269a0000 - 0x00007fff274fc000 	C:\Program Files\Java\jdk-15\bin\server\jvm.dll
0x00007fff80200000 - 0x00007fff80208000 	C:\Windows\System32\PSAPI.DLL
0x00007fff76260000 - 0x00007fff76269000 	C:\Windows\SYSTEM32\WSOCK32.dll
0x00007fff586e0000 - 0x00007fff58707000 	C:\Windows\SYSTEM32\WINMM.dll
0x00007fff81550000 - 0x00007fff815bb000 	C:\Windows\System32\WS2_32.dll
0x00007fff7d510000 - 0x00007fff7d522000 	C:\Windows\SYSTEM32\kernel.appcore.dll
0x00007fff5ce10000 - 0x00007fff5ce1a000 	C:\Program Files\Java\jdk-15\bin\jimage.dll
0x00007fff79850000 - 0x00007fff79a34000 	C:\Windows\SYSTEM32\DBGHELP.DLL
0x00007fff5e9d0000 - 0x00007fff5ea04000 	C:\Windows\SYSTEM32\dbgcore.DLL
0x00007fff7fff0000 - 0x00007fff80072000 	C:\Windows\System32\bcryptPrimitives.dll
0x00007fff3f5a0000 - 0x00007fff3f5c5000 	C:\Program Files\Java\jdk-15\bin\java.dll
0x00007fff80a10000 - 0x00007fff81154000 	C:\Windows\System32\SHELL32.dll
0x00007fff7d7f0000 - 0x00007fff7df8b000 	C:\Windows\SYSTEM32\windows.storage.dll
0x00007fff815d0000 - 0x00007fff81924000 	C:\Windows\System32\combase.dll
0x00007fff7f0d0000 - 0x00007fff7f0fd000 	C:\Windows\SYSTEM32\Wldp.dll
0x00007fff80750000 - 0x00007fff807fd000 	C:\Windows\System32\SHCORE.dll
0x00007fff80100000 - 0x00007fff80155000 	C:\Windows\System32\shlwapi.dll
0x00007fff7f6a0000 - 0x00007fff7f6c5000 	C:\Windows\SYSTEM32\profapi.dll
0x00007fff3f2d0000 - 0x00007fff3f2e9000 	C:\Program Files\Java\jdk-15\bin\net.dll
0x00007fff76dc0000 - 0x00007fff76eca000 	C:\Windows\SYSTEM32\WINHTTP.dll
0x00007fff7eeb0000 - 0x00007fff7ef1a000 	C:\Windows\system32\mswsock.dll
0x00007fff3f1f0000 - 0x00007fff3f202000 	C:\Program Files\Java\jdk-15\bin\nio.dll
0x00007fff3f160000 - 0x00007fff3f178000 	C:\Program Files\Java\jdk-15\bin\zip.dll

dbghelp: loaded successfully - version: 4.0.5 - missing functions: none
symbol engine: initialized successfully - sym options: 0x614 - pdb path: .;C:\Program Files\Java\jdk-15\bin;C:\Windows\SYSTEM32;C:\Windows\WinSxS\amd64_microsoft.windows.common-controls_6595b64144ccf1df_6.0.19041.3636_none_60b6a03d71f818d5;C:\Program Files\Java\jdk-15\bin\server

VM Arguments:
jvm_args: -Dclassworlds.conf=C:\Program Files\NetBeans-19\netbeans\java\maven\bin\m2.conf -Dmaven.home=C:\Program Files\NetBeans-19\netbeans\java\maven -Dlibrary.jansi.path=C:\Program Files\NetBeans-19\netbeans\java\maven\lib\jansi-native -Dmaven.multiModuleProjectDirectory=C:\Users\shahr\Desktop\Design Pattern\FacadeDesignPattern 
java_command: org.codehaus.plexus.classworlds.launcher.Launcher -Dexec.vmArgs= -Dexec.args=${exec.vmArgs} -classpath %classpath ${exec.mainClass} ${exec.appArgs} -Dexec.appArgs= -Dexec.mainClass=com.mycompany.facadedesignpattern.FacadeDesignPattern -Dexec.executable=C:\Program Files\Java\jdk-15\bin\java.exe -Dmaven.ext.class.path=C:\Program Files\NetBeans-19\netbeans\java\maven-nblib\netbeans-eventspy.jar -Dfile.encoding=UTF-8 --no-transfer-progress process-classes org.codehaus.mojo:exec-maven-plugin:3.1.0:exec
java_class_path (initial): C:\Program Files\NetBeans-19\netbeans\java\maven\boot\plexus-classworlds-2.7.0.jar
Launcher Type: SUN_STANDARD

[Global flags]
     intx CICompilerCount                          = 4                                         {product} {ergonomic}
     uint ConcGCThreads                            = 2                                         {product} {ergonomic}
     uint G1ConcRefinementThreads                  = 8                                         {product} {ergonomic}
   size_t G1HeapRegionSize                         = 1048576                                   {product} {ergonomic}
    uintx GCDrainStackTargetSize                   = 64                                        {product} {ergonomic}
   size_t InitialHeapSize                          = 134217728                                 {product} {ergonomic}
   size_t MarkStackSize                            = 4194304                                   {product} {ergonomic}
   size_t MaxHeapSize                              = 2122317824                                {product} {ergonomic}
   size_t MaxNewSize                               = 1272971264                                {product} {ergonomic}
   size_t MinHeapDeltaBytes                        = 1048576                                   {product} {ergonomic}
   size_t MinHeapSize                              = 8388608                                   {product} {ergonomic}
    uintx NonNMethodCodeHeapSize                   = 5839372                                {pd product} {ergonomic}
    uintx NonProfiledCodeHeapSize                  = 122909434                              {pd product} {ergonomic}
    uintx ProfiledCodeHeapSize                     = 122909434                              {pd product} {ergonomic}
    uintx ReservedCodeCacheSize                    = 251658240                              {pd product} {ergonomic}
     bool SegmentedCodeCache                       = true                                      {product} {ergonomic}
   size_t SoftMaxHeapSize                          = 2122317824                             {manageable} {ergonomic}
     bool UseCompressedClassPointers               = true                                 {lp64_product} {ergonomic}
     bool UseCompressedOops                        = true                                 {lp64_product} {ergonomic}
     bool UseG1GC                                  = true                                      {product} {ergonomic}
     bool UseLargePagesIndividualAllocation        = false                                  {pd product} {ergonomic}

Logging:
Log output configuration:
 #0: stdout all=warning uptime,level,tags
 #1: stderr all=off uptime,level,tags

Environment Variables:
JAVA_HOME=C:\Program Files\Java\jdk-15
PATH=C:\Python312\Scripts\;C:\Python312\;C:\Program Files\Python38\Scripts\;C:\Program Files\Python38\;C:\Program Files\Common Files\Oracle\Java\javapath;C:\Windows\system32;C:\Windows;C:\Windows\System32\Wbem;C:\Windows\System32\WindowsPowerShell\v1.0\;C:\Windows\System32\OpenSSH\;C:\Program Files\Git\cmd;C:\Program Files\dotnet\;C:\Program Files (x86)\nodejs\;C:\ProgramData\chocolatey\bin;C:\Users\shahr\AppData\Local\Microsoft\WindowsApps;C:\Program Files\Java\jdk-15\bin;C:\flutter\bin;C:\Users\shahr\AppData\Local\Programs\Microsoft VS Code\bin;C:\Users\shahr\AppData\Local\Android\Sdk\platform-tools;C:\Users\shahr\.dotnet\tools;C:\Users\shahr\AppData\Local\Pub\Cache\bin;C:\Users\shahr\AppData\Roaming\npm
USERNAME=shahr
OS=Windows_NT
PROCESSOR_IDENTIFIER=Intel64 Family 6 Model 142 Stepping 10, GenuineIntel



---------------  S Y S T E M  ---------------

OS:
 Windows 10 , 64 bit Build 19041 (10.0.19041.3636)
OS uptime: 0 days 2:07 hours
HyperV virtualization detected

CPU: total 8 (initial active 8) (4 cores per cpu, 2 threads per core) family 6 model 142 stepping 10, cmov, cx8, fxsr, mmx, sse, sse2, sse3, ssse3, sse4.1, sse4.2, popcnt, vzeroupper, avx, avx2, aes, clmul, erms, 3dnowpref, lzcnt, ht, tsc, tscinvbit, bmi1, bmi2, adx, fma, clflush, clflushopt

Memory: 4k page, system-wide physical 8088M (669M free)
TotalPageFile size 15240M (AvailPageFile size 3M)
current process WorkingSet (physical memory assigned to process): 28M, peak: 28M
current process commit charge ("private bytes"): 210M, peak: 210M

vm_info: Java HotSpot(TM) 64-Bit Server VM (15+36-1562) for windows-amd64 JRE (15+36-1562), built on Aug 11 2020 22:38:02 by "mach5one" with unknown MS VC++:1925

END.
